sum{b in BEAMS} Int[b]*beam[b,i,j] [*,*] (tr)
:        1            2            3            4            5         :=
1    49.8         49.8         30            0            0
2    49.8         49.8         30           10.4          0
3    49.6         49.4         49.4         30            0
4    39.2         49.2         49.2         29.8         10.6
5    19.4         49.4         49.4         49.4         10.6
6    19.4         38.6         49           49           29.8
7    20           58.6         49.2         49.2         30
8    19.8         39           49           48.8         48.8
9    19.8         39           57.8         48.6         48.6
10   19.6         19.6         38.4         48.8         48.8
11   19.6         19.4         38.2         56.8         48.4
12   19.6         19.4         19.4         56.8         48.6
13   11.8         31.2         19.2         37.8         56
14   11.8         31.2         31           37.8         55.8
15   32.6699      32.6611      31.8611      19.8611      55.6
16   32.4699      32.4611      31.8523      31.8523      37.8523
17   32.6699      32.6611      32.6523      31.8523      31.8436
18   19.8         31.8         32.6523      51.4523      31.6436
19   19.8         19.4         31.6         31.6         31.6436
20    0           19.4         31.8         31.8         50.4
21    0           19.4         19.4         31.6         31.6
22   12.8         12.8         19.4         31.8         31.8
23   32.6         32.6         32.8         19.2         31.8
24   32.6         32.4         32.6         52           19
25   32.8106      32.6106      32.4108      32.611       51.6
26    0.010577    32.8106      32.6108      32.611       32.611
27   11.0106      11.0106      32.6108      32.611       32.411
28   11           11           24.611       32.811       32.611
29   11           11           11.2         25           32.8
30   11.2         11.2         11.2         11.4         25
31   19.8         31.2         31.2         11.4         11.4
32   30           29.8         30.8         30.8         30.8
33   30.4494      30.2494      30.2582      42.067       31.467
34   20.8494      40.4494      40.6582      30.467       42.067
35   21.0494      21.0494      21.2582      41.067       30.267
36   10.2         10.2         21           21.2         40.4
37   10.2         20.8         21           21.4         21.8792
38   10.654       10.6539      21.4538      21.6623      32.6622
39   30.4455      30.2454      30.2538      30.4623      41.4622
40   20.2455      30.6454      30.4538      30.4623      30.2623
41   20.2456      20.0456      19.4         30.2128      30.0128
42   10.2123      10.2123      10.4123      30.0126      29.8126
43   10.2121      10.2121      10.4123      10.6126      10.6126
44   10.2121      10.2121      10.4123      10.6243      10.6242
45    0.0120888    0.0239349    0.0117252    0.0117252   11.0116
46    0.0119669    0.0118461    0.0117252    0.0117252    0.0116043
47   19.812       19.6118      19.4117      19.4117      19.2117
48   30.012       29.812       29.812       30           29.8
49   30.0121      29.8121      29.8         30           29.8
50   10.2         10.2         10.4         10.6         11.4538
51    0            0            0            0.862699     0.853805
52    0            0            0.862699     0.862699     0.853805
53    0            0.871593     0.862699     0.862699    20.0627
54   20.6805      20.4716      20.2627      20.2627      20.0627
55   20.6805      20.4716      20.2716      31.0716      30
56   31.0805      30.8805      30.6805      30           30
57   31.0894      31.0894      10.4         10.6         10.6
58   10.2         10.2         10.4         10.6         10.6
59   10.2         10.2          0            0.034955     1.01396
60    0            0            0.034955     0.998774    20.1984
61    0            0.0353153   19.435       20.3988      20.1984
62   19.8357      19.6353      20.3832      20.3832      20.1832
63   19.8357      19.6353      20.3836      20.3836      20.3483
64   19.8357      20.5684      20.5684      20.5327       0.948274
65   20.9532      20.9532       0.917183    11.7327      11.7483
66    0.917183    11.5172      11.5172      11.5327      10.6
67   11.3016      11.3016      11.3172      10.6         10.6
68   11.0861      11.0861      11.3172      30           29.8
69   11.0861      30.6861      29.8         19.4         19.2
70   30.8861      30.6861      19.4         19.4         19.2
71   19.8         19.6         19.4         19.4         19.4
72   19.8         19.8         19.8          0            0.819294
73   20           20            0            0.819294     0.819294
74    0            0            0.827828     0.819294     0.819294
75    0            0            0.827828    20.2193      39.4193
76    0            0.836363    20.2278      39.6278      39.4278
77    0.844897    20.4364      39.8278      39.6278      52.6278
78   20.6449      40.2364      39.8364      52.8364      52
79   40.6449      40.2449      53.0449      52.2         32.6
80   40.6449      40.4449      52.6         32.8         13

:        6            7            8          9          10          11      :=
1    19.8         19.8         30          10.2       10.2       10.2
2    19.8         19.8         30          10.2       10.2       10.2
3    19.6         19.6         19.6        10.2       10.2       10.2
4    19.6         19.4         19.4        29.8       10.4       10.4
5    19.6         19.4         19.4        30         10.6       10.6
6     0           19.2         19.2        29.8       10.6       10.6
7    11           19.2         19.2        19.2       30         10.8
8    30           19.2         19          19         29.8       10.8
9    29.8         11.2         18.8        18.8       29.8       11
10   48.8         11.2         18.8        18.8       30         11.2
11   48.4         29.8         30.2        18.6       18.6       29.8
12   48.6         30           30.2        18.6       18.6       30
13   48.2         48.2         11.4        18.4       18.4       29.8
14   48           48           29.8        30.2       18.2       18.2
15   67.2         48.2         48.2        30.2       18.2       18.2
16   55.8523      47.8         47.8        29.8       30.2       18
17   55.6348      67.2348      48.4348     29.8       30         17.8
18   37.2348      55.026       48.6172     48.6172    30.8172    30.2
19   49.6348      54.826       66.8172     48.2172    48.4084    30.8084
20   30.8         54.626       54.4172     48.4172    48.4084    30.7996
21   50           48.6         53.2        66.2172    48.0084    48.1996
22   50.2         31           65.8        52.6       47         48.1996
23   31.8         50           48          52.4       65.2       47.2
24   31.6         49.8         66.6        65.2       64.6       46.8
25   31.8         31.8         49.6        84         64.6       64.4
26   38.2112      31.8114      49.6116     66.4118    64.4       64.4
27   32.8112      37.8114      31.8116     49.4118    82.8118    64.412
28   32.6112      51.2114      51.0116     49.4118    82.6118    82.212
29   32.6         32.4         51.2118     50.6118    65.8118    81.812
30   32.6         32.4         32.4        50.6       67.8       81.8
31   25.4         32.6         32.4        50.6       64.6       84
32   11.6         25.6         32.9023     32.9023    51.1023    67.7111
33   31.4758      12.2846      26.4935     33.1023    32.9023    64.7111
34   31.2758      31.2846      45.6935     26.9023    33.1023    50.7111
35   42.2758      31.2846      31.0935     45.5023    45.2       32.4
36   40.6         42           30.8        31.3044    45.9043    45.9042
37   22.0791      41.279       53.8874     42.8959    31.2958    45.5042
38   22.2706      22.479       22.8874     54.2959    42.7098    31.1182
39   33.4706      33.679       22.9009     23.3094    54.3094    54.0137
40   30.2841      41.4133      53.0133     34.2135    34.2135    36.0137
41   29.8128      29.813       41.2133     53.0135    53.0246    53.4247
42   41.0128      30.013       29.8245     30.0248    53.4111    53.411
43   10.8243      29.8244      29.8112     41.6112    41.4111    53.811
44   10.8115      11.0114      11.2112     11.4112    29.8112    41.8112
45   11.0115      11.0114      11.2114     11.4114    11.4       12.4093
46    0.0116043    0.0116043    0          11.6       12.4182    12.4093
47   19           18.8         19.4271     19.4271    19.2182    19.0093
48   29.8         30.636       30.6271     30.8271    30.6182    30.6182
49   30.6449      30.636       30.6271     30.8271    30.6271    31.6998
50   11.6449      11.836       12.036      12.236     11.4       12.6726
51    0.844912     0.844912     0.844912    0          1.05709    1.05709
52    0.853805     0.853805     0           1.05709   19.4571    19.2571
53   19.8627      18.8         18.6        19.6415    31.2415    31.0415
54   19           30.2         31.026      31.026     30.826     30.8743
55   29.8         29.8         30.826      31.026     31.0592    31.2743
56   30.2         12.0105      12.244      12.444     12.4592    11.6328
57   11.7949      12.0288      12.2284      1.04397    1.05915    0.0331532
58    1.02914      1.02878      1.02842     1.04397   18.4335    18.2335
59    1.0136       1.01324     19.6288     18.6339    18.4       35.8
60   19.9981      19.8136      19.6291     18.6       18.4       35.8
61   19.9984      19.814       18.6        18.6       30.4       48
62   19.9638      18.8         18.8        30.4       11.6       29.2
63   20.3638      11.4         11.4        11.4       29.4       29.4
64   11.2         11.2         11.2        11.4       29.4       48.3766
65   10.8         11           11.2        30         48.5766    36.9766
66   10.8         29.8         29.8        37         37.3766    37.1766
67   29.8         29.8         18.6        37.7937    37.3766    37.3766
68   19           18.8         19.3937     37.7937    37.7852    20.5107
69   19           19.8022      38.5937     19.3937    19.3937    20.7193
70   20.0022      20.0022      19.5937     19.3937    19.3937    39.8068
71    0.802225     0.802225    19.6022     19.6022    58.8249    53.6068
72    0.802225     0.802225    38.2022     56         72.6016    53.3835
73    0.81076     38.8108      57.2108     71.7407    72.7784    53.5784
74   19.8193      57.8193      70.2        71.7407    72.9965    73.1965
75   39.0193      70.6         72.1588     73.3733    54.7733    35.9733
76   71.2         72.577       72.5588     74.3914    35.9914    22.1914
77   71.2         72.777       73.3588     55.3681    22.3681    20.6093
78   53.9951      54.377       54.377      22.363     20.586     20.586
79   54.7951      54.5951      42.3811     22.5811    20.786      1.18605
80   54.7951      41.3951      42.5811     20.986      1.18605    1.18605

:       12         13          14          15           16           17      :=
1    20.3267     20.3267     20.3267     0            0            0
2    20.3267     20.3267     20.3267     0.535303     0            0
3    20.1267     20.1267     20.1267     0.535303     0.535303     0
4    19.4        19.9353     19.9353     0.535303     0.535303     0.543937
5    30.2        19.4        19.9353     0.535303     0.535303     0.543937
6    30          19.2        19.2        0.543937     0.543937     0.543937
7    30          19.2        19.2       19.7526       0.552571     0.552571
8    30          19          19         19            0.552571     0.552571
9    11          30          18.8       18.8          0            0.561205
10   11.2        30          18.8       18.8          0            0
11   11.2        29.8        18.6       18.6          0            0
12   11.4        30          30.2       18.6          0            0
13   11.4        30          30         18.4         18.4          0
14   29.8        30.2        29.8       18.2         18.2          0
15   30          11.8        30         18.2         18.2          0
16   29.8        11.8        29.8       30.2         18            0
17   29.8        12          29.8       30           17.8          0
18   17.8        30          30         30           17.8          0
19   18.4084     29.8        30         29.8         17.6         17.6
20   30.9908     30.7908     30.9908    30           30.2         17.6
21   30.7908     30.5821     30.5733    30.5733      30.7733      18.1733
22   30.5908     17.9821     30.5733    30.5733      30.5645      17.9557
23   30          30.9821     30.7733    30.7733      30.7645      17.9557
24   46.8        30          29.8       29.8         30.5645      30.9557
25   63.6        29.8        43         46.8         29.8         30
26   63.8        30          30         47           30           30
27   64.0122     46.4124     29.8       43.4         29.8         29.8
28   77.2122     62.8124     29.8127    43.4129      46.2129      29.8131
29   63.6122     80.2124     46.4127    30.0129      60.2129      30.0131
30   81.4127     77.0127     62.2127    29.8129      59.8129      29.8131
31   81.2        81.2        79.4       30           60.0133      30.0133
32   99.5199     80.9287     93.5375    46.3463      60.3463      60.5551
33   99.5199     98.9287    111.138     92.9463      30.3463      60.3551
34   97.7199     98.5287     98.5375   110.546       46.8914      61.1003
35   50.7196    112.73       97.7294   127.738      109.953       60.1614
36   32.9126     97.121     112.144    113.353      127.553       75.1612
37   45.7271     50.9355    111.944    111.553      126.553      126.972
38   45.7266     45.9354    115.025    110.825      111.025      141.225
39   30.614      45.4142     60.8251   128.625      143.411      142.357
40   54.4249     45.425      45.4106    92.2106     143.584      173.941
41   48.4109     54.8108     70.0106    76.9933     125.335      158.515
42   53.4109     67.0108     68.3934    89.3934      89.9241     155.324
43   53.811      54.6025     68.3827    70.1175     130.317      165.517
44   42.6004     67.3915     68.7019    82.7019     100.502      129.335
45   12.6004     25.1915     56.5108    69.3108      97.5193     144.209
46   12.6004     13.9042     14.1042    41.9037      67.3193     143.651
47   19.9131     19.7131     31.1037    46.9037      46.7193      76.0512
48   31.7064     30.8882     30.8882    46.9037      45.6         63.0279
49   30.8726     30.8726     47.0882    46           47.4047      63.4356
50   12.8726     13.0726     29.4882    28.6         46.636       46.6356
51    1.05709     1.07264    16.2       33.8317      51.6127      48.0124
52   19.0571     18.8726     46.4317    46.4317      64.2127      47.8127
53   30.8895     46.6321     46.2317    47.9899      64.1899      61.1899
54   29.8324     46.6321     46.4317    48.1666      64.7666      43.9349
55   11.8324     28.8321     29.0321    30.767       18.3349      48.7349
56   17.2328     16.8328     18.3116    53.1116      35.7116      49.2688
57   17.2332     34.8        36.0884    53.2884      36.6223      62.2688
58   35.2        35          36.2884    48.8884      49.4223      60.734
59   35.2        35          48.6651    49.4161      49.3991      43.134
60   47.6        49.0419     49.7929    31.9929      32.0076      61.9381
61   29.4        31.8014     14.3929    32.1929      49.6161      49.5467
62   29.4        31.7782     49.7696    49.7696      49.5648      48.5956
63   48.3681     49.7782     37.5782    39.2101      49.0138      49.0138
64   37.9634     37.7549     37.5549    39.2101      49.0138      31.2138
65   38.1402     19.9402     39.5902    38.8505      31.4319      45.4319
66   38.5487     22.0169     21.2221    19.85        63.65        62.65
67   38.7255      3.01701    21.1989    69.45        80.85        60.6
68    3.79705    21.5938     71.217     69.6682      79.2         78.8
69   21.0119     71.6119     71.2351    69.6863      98           79.2
70   53.3886     71.5886     69.8863    86.8         79.4         29.4
71   53.2068     71.6068     89.1044    98.6         29.6         29.6
72   53.1835     91.0068     69.8       48.4         29.6         48.8
73   72.5784     70.2        37.6       48.4         48.6         30
74   55.1965     38          38         48.8         30           30
75   39.6558     38.2        38.2       49.2         29.8         29.8
76   39.8558     38.6        39         30           30           42.4
77   38.8        39.2        39         29.8         42           42
78   39.4        39.4        39.2       29.8         42           22.4
79   39.6        39.6        39.6       42           22.2         22.2
80   39.6        39.6        39.6       22.2         22.2         22.2

:       18         19         20         21         22           23        :=
1     19.8       19.8       30         10.2       10.2        19.8
2     19.8       19.8       30         10.2       10.2        19.8
3     19.6       19.6       29.8       10.2       10.2        19.6
4     19.4       19.4       29.8       10.4       10.4        19.4
5     19.4       19.4       30         10.6       10.6        19.4
6     19.7526    19.2       29.8       10.6       10.6        19.2
7     19.7526    19.7612    30         10.8       10.8        19.2
8     19.5526    19.5612    30.3698    10.8       10.8        19
9     19.3612    19.3612    30.3698    11         29.8        18.8
10    19.3698    19.3698    30.5698    11.7785    30          30.2
11    19.1698    19.1698    30.3698    11.7785    30.3871     30
12    18.6       19.1785    30.5785    11.9785    30.5871     30.5871
13    18.4       18.4       30.3871    11.9871    30.3871     30.3871
14    18.2       18.2       29.8       12.1871    30.3871     30.3871
15    18.2       18.2       30         12.3957    30.5957     30.5957
16    18         18         29.8       11.8       42.5957     30.3957
17    17.8       17.8       29.8       12         42          30.4044
18    17.8       17.8       30         30         42.2        30
19    17.6       17.6       29.8       29.8       42          42.2
20    17.6       17.6       30         30         42.4        42.4
21    17.4       17.4       29.8       42.6       42.2        42.2
22    17.9557    17.9557    29.8       42.6       42.4        42.4
23    17.9469    17.9381    30.7381    43.5381    55.8        44.8
24    17.7469    17.7381    30.5293    43.3205    56.3205     45.2973
25    34.3469    30.7381    30.5293    43.5205    56.5205     45.4652
26    33.6       30         30.7293    57.3205    57.1205     45.8652
27    46.8       29.8       60         56.4       45.6508     45.842
28    46.4       29.8       59.8       56.6       45.107      45.507
29    46.4133    30.0135    73.8137    57.2139    45.5211     15.507
30    46.0133    29.8135    73.4137    58.8976    45.2978     16.757
31    46.2133    60.2135    73.8137    59.4976    46.957       3.15701
32    46.3639    60.3728    73.9816    59.865     47.3338      4.32998
33    46.1639    88.5728    74.7769    62.051     48.069       4.26888
34    61.3342    89.5515    77.2059    78.4514    48.469       4.99907
35    76.1698    88.5785    91.8136    77.4322    19.9702      4.39988
36    75.1698   120.801     92.4236    78.7614    19.3749      1.96747
37    74.2351   119.632    107.536     77.7269    19.3424      0.739204
38   124.792    122.306    107.697     78.1038     2.53002     0.729292
39   156.748    155.706    123.497     78.5026     2.52888     0
40   188.332    202.457    139.873     76.8913     0           0
41   203.106    219.643    155.677     93.3209     0           0
42   205.245    249.287    202.521    126.921     32           0
43   202.448    261.498    216.898    141.321     63.8        32.8
44   223.825    285.674    247.674    186.4       95.8        32.8
45   218.074    264.674    286.874    229.6      112.2        80.6292
46   187.451    231.451    295.474    237.43     198.43      139.429
47   159.451    246.251    277.03     266.83     195.83      213.029
48   116.028    186.858    228.23     278.03     192.83      193.321
49    89.6353   159.858    157.03     235.03     180.23      208.691
50    44.4353   130.058    156.03     159.83     193.5       169.378
51    61.412    130.831    127.631    145.7      145.7       155.578
52    78.0127    73.4      128.508    114.9      117.405     125.987
53    77.7814    73        128.308    114.3      103.005     119.587
54    60.7814    43.7169   114.708     98.2315   101.613     101.705
55    64.5254    60.7169    75.6581    98.24      85.04      101.923
56    77.5254    73.5169    75.0581    97.64      83.5231    100.323
57    77.5254    74.6848    75.2667    70.5413    82.7413     84.4
58    62.5115    58.0933    44.7594    56.9594    69.1594     84.6
59    44.9115    73.7594    47.9594    43.1594    67.2        82.2
60    61.92      60.5775    47.9775    41.2       56.8        81.6
61    48.5956    60.7956    48.1956    56.6       56.8        97.6
62    48.3956    60.7956    62         56.2       60.2       101.8
63    49.0138    59.0138    78.4       72.6       77.6        89.4
64    46.2138    78.4       78         77.6       77.4        74.2
65    78.8       78.4       95.6       77.6       62.4        64
66    78.8       96.4       96.2       63.2       47.8        47.6
67    96.6       96.6       81.6       47.8       47.6        43.4
68    97.2       65.2       47.6       47.8       54.8        43.2
69    65.6       48.2       66.8       30         54.8        43.2
70    48         55.6       48.6       43         43          61.8
71    67.4       37.6       61.8       43         43          43.2
72    49         37.6       61.4       42.6       43          43
73    38         50.8       61.6       42.8       42.8        29.8
74    51         51         42.6       42.8       42.8        30
75    50.8       31.6       61.6       42.6       29.8        30
76    51.2       51.4       61.8       30         30          19.4
77    31.6       51.4       61.6       29.8       29.8         0
78    51.6       51.6       49.4       29.8       10.2        11.2
79    51.8       39.6       49.8       30         10.2        11
80    51.8       39.6       49.8       10.2       10.2        11

:        24           25             26            27            28         :=
1     22.1023      32.3023       32.5023        20.4          10.2
2     22.1023      32.3023       32.5023        20.4          20.6
3     21.9023      32.0791       12.4791        12.4791       20.6
4     32.3023      32.0558       12.6558        12.6558       23.0558
5     30           32.2558       12.8558        12.8558       25.7116
6     29.8         32.0558       12.8326        13.0326       15.0651
7     30           30            13.0326        13.0326       15.2651
8     29.8         29.8          13.0326        15.2186       15.2186
9     29.8         30            22.2           15.3721       15.3721
10    30           30.2          22.4           15.5721       15.5721
11    29.8         11.2          22.4           15.5488       15.5256
12    30           23            13.5628        13.5628       15.7256
13    29.8         23            13.5395        13.5395       15.7023
14    30.3957      23.2          13.7163        13.7163        2.11628
15    30.5957      26.3207       13.9163        13.9163        2.11628
16    42.5957      26.2974       14.506         13.893         2.11628
17    42.6044      26.6741       14.6828        14.0698        0
18    42.813       14.8828       14.8828         2.69141       0
19    44.8595      14.8595       14.8595         2.69141       0.621642
20    26.8465      15.0682       15.0682         2.69141       0.621642
21    26.8233      14.4233        2.6449         0.621642      0.621642
22    27.2         14.6           2              0.630276      1.96719
23    14.8         14.8           2              1.97582       1.97582
24    14.7767      14.7767        2              1.32137       1.96028
25    15.6652       2.66524       1.30582        1.30582       1.30582
26    15.8565       3.95349       2              2             1.30582
27    15.8332       3.93794       1.97567        1.97567       1.98243
28     3.88467      3.9224        1.96012        1.97567       0.676606
29     3.18171      1.27473       1.96012        1.97567       0.694147
30     3.18047      1.2737        1.30652        0.0170665     0.70189
31     3.1973       1.29053       2              1.34749       1.3386
32     2.47853      3.20594       1.96438        1.99159       1.98246
33     3.17618      1.96558       1.97402        1.99159       1.97429
34     3.18585      1.95065       1.95115        1.96848       1.26564
35     1.31785      0.729909      0.729788       0.0182835     0.0094285
36     0.730069     0.730069      0.00967026     0             0
37     0.739204     0             0              0             0
38     0            0             0              0             0
39     0            0             0              0             0
40     0            0             0              0             0
41     0            0             0              0             0.0277477
42     0            0             0              0.0281081     2.08108
43     0            0.0284685     0.0281081      0.693784      2.08108
44    32.8288       0.0284685     0.693784       2.10811       2.08144
45    48.4288      48.4285       18.1262         2.10811       2.10811
46    75.6288      48.303        49.527         33.48         17.68
47   135.912      107.354       107.307         93.5067       77.3067
48   182.912      137.125       107.107        122.307       121.032
49   180.551      182.533       135.533        151.451       134.8
50   169.56       153.56        106.069         75.8687      119
51   169.76       139.36        137.469        135.4         104
52   156.587      155.887       154.4          122.6         104.8
53   125.487      156.487       123.8          122.6         106.2
54    78.705      125           138.8          140.6         125.8
55   105.323       94.4         125.4          127.4         110.2
56    99.6         63.2          78.8          110.8         110
57    85.4         79.4          96.4           79.2         128.4
58    87.2        105.2          79.4          110.8         143.2
59    86.8        103.8          95             94.2         113
60   102.2        102           124.4           96           127.8
61   119.4        119           121.8          128.2         110.4
62   131          103           108.4          113            97
63    98.4        121.8         103            104            80.4
64   116.6        102.8          85.4           91.6          80.4
65    73           85.4         103.4           91.6          93
66    55.4         85.6         103.6           73.8          60
67    55.2         73.8          84.8           71.2          59.6
68    73.6         55            85             71            90.6
69    43.2         55            71.8           71.4          72.2
70    43           41.2          29.8           83.4          83
71    43.2         41.4          30             83.4          83.2
72    29.8         29.8          22.8           71.6          82.4
73    29.8         29.8          41.8           60.6          82.4
74    30           22.4          52.4           41.6          82.8
75    10.6         41.4          52             41.2          71.6
76    22           41.4          41.4           41.4          49.4
77    41.4         41            41             41.4          29.8
78    41.2         41            41             30.2          10.2
79    41           41            41.2            0            20.4
80    41           41            30              0            20.4

:        29            30           31           32           33         :=
1     22.7023       52.7023      42.5023      32.3256       0
2     22.7023       52.7023      42.5023      32.3256      10.4
3     22.6791       52.4791      42.2791      29.8         10.4
4     23.0558       42.6558      42.6791      29.8         29.8
5     23.4558       43.0558      42.8791      30           30
6     23.4326       23.4326      40.4         40.6         29.8
7     26.0651       23.8326      40.8         40.8         30
8     15.2186       13.0326      30           40.6         29.8
9     15.3721       13.2326      30.2         40.8         41
10    15.5721       13.386       11.2         41.2         41.2
11     4.32558       2.16279     11.2         29.8         41
12     4.32558       2.16279     13.5628      30           41.4
13     4.30233       2.13953      2.13953     30           42.6302
14     2.13953       2.11628      2.11628     13.7163      31.2146
15     2.13953       2.11628      2.11628     15.3309      31.4146
16     0             2.09302      2.09302      3.49212     31.3991
17     0             2.09302      3.45331      3.45331     15.4533
18     0             3.47657      3.45331      3.45331      3.45331
19     0             1.368        3.43777      3.41451      3.43006
20     1.99828       1.368        3.43777      3.41451      2.04651
21     1.98273       1.35246      1.35246      3.41451      2.02326
22     1.96719       1.97582      1.35246      2.04651      2
23     1.97582       1.97582      2            0            2
24     1.96028       1.97582      0.647544     0.656178     2
25     1.96891       0.647544     0.647544     0.656178     0.640354
26     1.32137       0.656178     0.656178     1.30543      1.30517
27     0.676606      1.33278      1.31432      1.30543      1.32365
28     0.667819      1.34408      2            1.99111      1.33231
29     1.36129       1.34361      1.32616      1.99988      2
30     1.36105       2            1.99133      1.98266      1.98891
31     1.33933       1.34817      2            1.30579      1.98737
32     2             2            1.33248      1.3499       2
33     1.99159       1.3153       1.33272      0.693634     0.702541
34     0.676635      0.685335     0.684839     0.693858     2
35     0             0            0            0            1.92
36     0             0            0            1.32366      1.92
37     0             0            1.34179      1.9552       1.94595
38     0             0            1.97333      1.98151      1.97261
39     0             2            2            1.99964      1.99928
40     0.0273874     2.02703      2            1.99964      1.99964
41     2.05405       2.02703      2.02667      2.02667      0.0266667
42     2.05405       2.05369      2.05369      2.05369      0
43     2.05441       2.05441      2.02667      0            0
44     2.08144       2.05333      0            0            0
45     2.08          1.41432      0            0            0
46     1.41432       0            0            0           15.6
47    75.2          60.2         60.4         45.4         46.4
48    89.4         104.6        120          104.8        105
49   149.8         134.2        119.4        134.2        136
50   104.6         134.6        134          135.2        135
51    89.4         104.8        106.4        106.2        105
52    74.6          91          105.8        105.8         90.8
53   121.2          76.2         76           76.6        167.6
54   108.6          91.6         60.8        138          138.2
55    93.2          93.6        169.8        121.8        123
56   141.2         140          108.2        155.2        138.8
57   142.6         158          157.4        125.8        157.6
58   128           158.2        158.2        158.6        111.6
59   145.8         145.4        130.4        130.4        111.8
60   145.4         115.2         98.6        114.2        112.2
61   114.2          85           99.4         97.8         79
62    80.2          80.6         80.6         80.2         80.4
63    62.8          66.4         66.4         62.8         80.4
64    62.6          79.4         79.4         48.4         80.4
65    48.8          79.8         79.8         48.8         63
66    80.2          61.6         61.6         80.2         30
67    61.8          61.2         61.2         61.8         29.8
68    72.2          61.6         61.6         42.2         60.8
69    72.2          61.8         61.8         42.2         42.2
70    71.8          42           30.8         42           53.2
71    72            53.4         42.2         42           53.2
72    71.6          41.2         11           41.8         52.6
73    71.6          40.8         21.6         41.8         52.4
74    70.8          51.6         32.4         40.8         52.6
75    51.2          51           31.8         31.8         40.6
76    62            51.2         51.4         42.4         30
77    50.8          61           61.2         41.8         10.4
78    40            60.6         60.4         30.6         20.4
79    40.2          60.8         60.6         50.6         30.6
80    40.2          50.4         60.6         50.6         30.6

:        34            35            36            37            38        :=
1     10.2          10.2          30            19.8          19.8
2     10.2          10.2          30            19.8          19.8
3     10.2          10.2          29.8          19.6          19.6
4     10.4          10.4          29.8          30            19.4
5     10.6          10.6          30            30            20.9079
6     10.8          10.6          29.8          29.8          20.6924
7     10.8          10.8          30            31.4924       20.6924
8     29.8          10.8          29.8          31.2768       20.4768
9     29.8          22.2          31.4613       31.2613       20.2613
10    30            23.8613       31.6613       31.4613       31.6613
11    41.2          23.8457       12.6457       31.2457       31.4613
12    42.8457       31.4457       24.4457       31.4457       30
13    42.6302       31.2302       24.4457       31.2457       29.8
14    42.8146       43.0146       24.6457       29.8          29.8
15    43.2146       43.2146       41.8          30            30
16    42.9991       43.0146       53.8          42            29.8
17    43.1991       41.8          54            42            29.8
18    31.3991       42.2          42.2          42.2          30
19    32.0465       42            42            72.2          42.2
20    32.2465       42.4          42.4          54.8          42.4
21     2.02326      31.8233       42.2          54.6          42.8048
22     2            31.8          42.4          55.6137       55.8048
23     2            32.6315       45.4226       43.4137       73.4048
24     2.6171       19.8082       45.1993       43.2137       73.0137
25     2.59384       2.58495      32.3761       43.442        73.242
26     2.59384       2.61281      19.4128       45.1725       74.4423
27     3.28578       2.58908      18.7574       44.9575       74.2423
28     1.34989       2.63075      18.7342       32.9673       77.2477
29     2.01497       3.30363       3.85817      20.2297       48.0271
30     1.99767       1.98702       5.16217      20.8033       47.8031
31     2.69201       3.95238       6.42954      22.8236       21.9501
32     3.97807       3.95104       3.84968       5.71016      21.0194
33     1.99896       3.90136       3.89306       5.74568      20.2865
34     2.60536       3.29617       2.60906       3.81351      19.5813
35     1.91825       1.90972       2.63429       1.34674      18.3779
36     1.94595       1.94559       0.639696      0.732846      2.58706
37     1.94595       1.94559       0.0252252     0.0252252     0.733207
38     1.97261       0.64859       0.0255856     0.0255856     0.716615
39     0.657485      0.0259459     0             0             0
40     0.0263063     0             0             0             0
41     0             0             0             0             0
42     0             0             0             0             0
43     0             0             0             0             0
44     0             0             0            16.4          33.8
45     0             0            16.2          49.8          81.8
46    31.4          31.4          48.8          65.4          97.4
47    46.8          78            78.4         108.6         156.6
48   121.4         106.2         122           184.6         196.8
49   136.8         136.2         166.6         197.4         221.4
50   134.4         119.2         182.4         192.8         192
51   121           168.8         165.8         165           149
52   153.8         152.6         166.6         196.6         136.4
53   137           152.6         152.2         136.6         115.6
54   155.4         168.8         137.8          89.2          70.4
55   140.2         154.2          93.6          74            70.4
56   154.4          77.4          60.8          56            68.8
57    93.6          77.8          60.8          69.8          54.6
58    94.4          76.6          73.8          55.6          68.6
59    62.8          77            56.2          55.4          68
60    80.4          63            71.2          54.6          67
61    94.8          76            57.2          71.4          84
62    79.2          76.8          57            69.4          83.6
63    57.2          73            59.2          69.8          57.8
64    61.8          55.6          55.8          71.6          57.8
65    61.8          73.6          55.4          55.6          47.4
66    43.8          73.6          55.4          55.4          30
67    41.4          55            73.8          55.2          43.4
68    41.2          55            55            73.6          43.2
69    41.4          41.6          55            43.4          43.2
70    53.4          29.8          41.2          43.2          61.8
71    53.2          30            41.4          30            43.2
72    52.8          22.8          29.8          29.8          43
73    41.6          41.8          41.6          29.8          29.8
74    41.6          52.4          22.4          30            30
75    41.4          52            41.4          22            30
76    41.6          41.4          41.4          22            19.4
77    30            41.2          41            41.4          11.2
78    30.2          41.2          41            41.2          11.2
79     0            30            41.2          41            31
80     0            30            41.2          41            31

:       39         40         41          42           43          44        :=
1     10.2       10.2       11.739      1.539        1.539        1.55455
2     10.2       11.739     11.739      1.539        1.539        1.55455
3     10.2       11.7235    11.7235     1.52346      1.539        0
4     11.9079    11.9079    11.9079     1.52346      0            0
5     12.1079    12.1079    12.1079     1.52346      0            0
6     12.0924    12.0924    12.1079     0            0            0
7     12.2924    12.2924    10.8        0            0            0
8     12.2768    12.2924    10.8        0            0            0
9     31.2768    11         11          0            0            0
10    31.4768    11.2       11.2        0            0            0
11    29.8       11.2       11.2        0            0            0
12    30         11.4       11.4        0            0            0
13    29.8       11.4       11.4        0            0            0
14    29.8       11.6       11.6        0            0            0
15    30         11.8       11.8        0            0            0.56031
16    42         11.8       11.8        0            0.569204     1.66638
17    42         12         12          0.578097     0.569204     1.66638
18    42.2       30         12.787      0.578097     1.69341      1.67528
19    42         30.3959    12.787      1.7023       1.7023      19.2842
20    43.0048    30.5959    12.987      1.7112       1.7112      18.7242
21    42.8048    43.1959    14.1564     1.72009      1.12421     19.0704
22    43.0048    43.2048    14.3652     1.14234      1.70916     18.9092
23    56.4048    44.5834    13.9806     1.18062      1.72681     17.7742
24    70.6301    43.7983    13.9801     1.7515       1.73455     17.5742
25    70.2162    44.0061    14.7695    14.9696      17.3826      17.3827
26    70.8244    58.3961    14.9877    13.791       17.371       17.371
27    74.6047    71.7961    45.892     14.4952      17.8952      17.3325
28    75.5019    72.6933    44.687     14.6873      17.124       17.1396
29    76.1277    73.3193    72.4947    14.3228      17.1312      17.1623
30    77.6031    88.0863    72.2947    14.3462      16.2302      16.2298
31    77.7012    88.9189    72.1626    30.7709      16.9792      16.9877
32    77.177     88.5518    71.9552    44.7636      16.7721      46.9809
33    76.7988    90.7726    73.1351    73.7439      17.1527      46.5578
34    63.1842    90.8671    89.0213    73.2127      45.18        46.3624
35    34.361     91.1522    90.4356    72.9886      60.58        45.9714
36    33.7638    76.9389    90.6312   103.989       75.18        94.5714
37    33.5219    76.4987   106.316    104.809       74.2178     124.171
38    17.9306    62.0841   106.493    121.093      122.4        141.6
39    16.1252    62.4927   107.493    154.293      156.334      140.8
40     0         62.0927   123.669    202.069      172.078      172.8
41     0         61.5674   141.655    204.455      204.655      158.343
42     0        111        189.063    234.463      220.063      143.663
43    66.2      126        202.721    233.44       221.44       141.44
44    81.4      157.6      217.6      263.298      185.226      131.826
45    97.4      173        246.6      208.098      205.674      172.234
46   142        228.2      251.2      229          200.474      156.611
47   183.6      210.2      232.8      229.8        185.674      128.451
48   177        231.4      213        211.4        153          115.828
49   205        232        184        171.2        114.2         77.2279
50   203.6      171        141.8      158.6         56.6         60.4279
51   143.6      129        114        103.4         73.4         60
52   113         87        100.6       59.8         90           59.8
53    84.8       86.4      100.8       59.8         89.8         73
54    69.6       69.6       87.2       46.6         72.8         55.6
55    69.6       69.4       60         60.2         63.8         60.4
56    69.2       69.4       59.8       59.6         76.6         73.2
57    68.4       55.8       60.4       59.8         76.6         73
58    54.8       29.2       47         43           60.2         60
59    68.2       29         33.8       46.6         59.6         42.4
60    55.2       42.6       34         46.6         46.8         59.6
61    55         42.8       48         46.8         47           47.2
62    59.4       42.2       31         60.6         47           47
63    59.4       59.6       47.6       60.2         60.6         47.4
64    45.6       47.2       65.2       47.6         59.8         25
65    45.8       34         65.4       65.4         59.6         41.8
66    47.8       17.6       52.8       65.8         77.6         41.6
67    30         36.2       35.8       53           77.6         59.4
68    43.4       18.6       36.2       36.2         65           59.4
69    43.4       31.8       37.4       36.6         48           47
70    31.8       31.8       37.4       37.4         48           29.4
71    31.8       31.8       50.6       37.6         49           29.6
72    32.2       31.6       50.4       50.4         49           30.2
73    32.2       32         50.8       50.8         38           30
74    19.2       32         31.8       51           51           30
75    19.2       32         51.2       31.6         50.8         42.2
76    19.4       19.4       51.4       51.4         51.2         42.4
77    19.4       19.4       38.8       51.4         31.6         42
78     0         19.6       39.2       39.2         51.6         22.4
79    11         19.8       39.6       39.6         51.8         62.4
80    11          0         39.6       39.6         39.6         62.4

:       45         46        47         48          49         50        :=
1      0          0        19.8      19.8        19.8       20
2      0          0        19.8      19.8        19.8       20
3      0          0        19.6      19.6        19.6        0
4      0          0        19.4      19.4        19.4        0
5      0          0        19.4      19.4        19.4        0
6      0          0        19.2      19.2        19.2        0.979147
7      0         19.2      19.2      19.2        19.2        0.979147
8      0         19        19        19          20.2154     0.979147
9      0         18.8      18.8      18.8         1.01541    0.99728
10     0         18.8      18.8      19.8335      1.01541    1.53125
11     0         18.6      19.6335   19.6335      1.54015   20.1313
12     0         18.6      19.6335   20.1672      1.55828   20.1494
13    18.4       19.4698   19.9761   20.1672      1.55828   19.4283
14    19.2698    19.8212   19.7942   20.1853     20.2888    19.2372
15    19.8212    19.8212   19.8123    1.61233    19.246     18.7035
16    19.6212    19.6212   19.6212    1.07201    18.5035    18.5035
17    19.4394    19.4394   19.96      0.520593   18.3121    18.3121
18    19.4753    19.4352   18.3206   18.3206     18.3206    30.7206
19    18.7061    19.2352   18.3206   18.1206     18.1424    30.0218
20    19.2619    18.1291   18.3505   18.1505     30.2285    30.0286
21    17.9585    17.95     17.9574   17.9575     30.0285    47.4286
22    17.7658    17.766    17.7659   17.2283     29.8285    47.4286
23    17.7743    17.7745   17.2282   30.2283     30.0073    30.0073
24    17.5743    17.0284   17.0075   30.0075     46.8       47.6209
25    17.3623    33.8076   30        29.8        47.6049    48.4045
26    17.5573    34.5495   30.7715   30.7797     65.3878    48.396
27    17.341     30.9719   30.5715   47.1864     48.1944    67.2029
28    33.5703    30.7788   30.5784   64.5864     61.5948    66.6032
29    47.3703    30.7788   46.4292   63.8291     65.4066    65.4065
30    46.2293    29.8293   63.2292   79.0068     65.2068    65.4
31    46.9965    30.7981   63.9754   65.7842     65.7931    49.8019
32    46.7897    63.3754   95.5754   65.1842     65.5931    51.4019
33    30.5666    95.1754   95.5754   65.1842     84.5931    65.8019
34    62.9624    94.2      64.2      83          65         32.8
35    94.3628    94.3631   82.9631   97.4185     33         32.8
36    94.3628    98.5631   97.5543   65.3545     33.5547    51.6189
37   111.763     96.7631   97.3543   51.5457     51.7371    45.7373
38    96.6       96.7448   66.9547   51.5459     45.9371    31.3285
39   144        114        50.6      46.1272     31.3184    31.3097
40   143.8       65.8      45.6      45.6        30.8       36.7097
41   111.2       61.2      45.8      43          48.6       66.6
42    76.9512    79.4      55.6      67.2        78.6       64.8
43   109.951     96.7598   80        79.4        65.4       65.2
44   114.226     96.9598   95.8      66.2        78         65.4
45   126.834    109.56     95.3684   61          36         23.6
46   109.611     96.0109   78.3684   12.7684     11.8       11.6
47   115.02      76.6196   46.3684   46.5684     30.7771    30.2
48    88.6279    63.9963   46.3684   46.5684     30.5771    29.8
49    61.2047    63.6047   64.3817   46.5771     46.7771    30.5857
50    60.4047    46.4047   46.9903   28.9857     28.7857    12.3857
51    65.2047    35.3814   51.5814   18.5671     16.9857     0.785687
52    77.8047    47.9814   64.3814   48.1814     35.1943    35.5943
53    76         61.3814   64.1581   64.5581     47.7581    47.403
54    58.8       61.5814   48.1349   64.7349     47.9349    47.203
55    30         30        30.5349   47.1349     30.1349    47
56    47.2       64.6      48.9349   18.3116     35.5116    29.9116
57    60         64.6      48.9349   36.2884     53.6884    18.4884
58    59.8       60        60        36.4884     53.8884    36.8884
59    42.2       60        60        48.8884     36.6651    54.4651
60    42.4       42.2      42        60          49.0651    66.6419
61    47.6       60        24.6      42          30.8651    49.2419
62    47.2       47.4      59.8      59.6        29.4       30.6186
63    47.4       47.6      47.6      47.8        47.6       30.8186
64    47.4       47.6      47.4      47.6        47.8       37.4186
65    42.6       30.2      47.8      29.8        47.8       36.2
66    60         30.8      30        30          48.2       36.4
67    59.6       48.2      59.8      11.6        29.8       36.8
68    77.8       48.4      60        60.2        11.4       29.8
69    78.2       67        60        60          41.6       30
70    29.4       67.2      67.2      59.6        41.2       60
71    29.6       48.4      67.6      78.6        41         41.2
72    29.6       48.4      37.4      78.8        59.8       40.8
73    30         48.4      37.6      37.6        59.8       59.8
74    30         30        38        38          49         41.4
75    29.8       49.2      19.2      38.2        49.2       29.6
76    42.4       30        39        19.4        49.4       29.8
77    42         29.8      39        39.2        19.4       29.8
78    42         42        39.2      39.4        39.4       10.2
79    22.2       42        51.6      39.6        39.6       50.2
80    22.2       22.2      51.6      39.6        39.6       50.2

:       51          52          53          54          55          56       :=
1     0           0          20.7248     20.7248     20.7248     20.9248
2     0           0          20.7248     20.7248     20.7248     20.9248
3     0           0.961015   20.5248     20.5248     20.5248      0
4     0          20.361      20.3429     20.3429     20.5429     10.6
5     0.979147   20.361      20.361      20.361      19.6        11.5322
6     0.979147   20.161      20.161      20.161       0.480266   30.7322
7    20.1791     20.1791     20.1791     19.6892     11.9497     30.9322
8    19.9791     20.4861     19.4981     20.1671     30.9497     30.7411
9    20.3042     20.3042     19.776      12.1671     30.7585     30.7585
10   20.3224     19.3069     19.776      12.176      30.976      30.4779
11   20.1224     19.5934     31.1849     30.2779     30.2779     29.8
12   19.6108     19.6023     30.6865     30.4865     30.4865     49.4
13   19.4197     18.8865     11.8865     30.2865     29.8        37.6
14   18.695      30.695      30.295      29.8        49          37.6
15   18.7035     30.7035     30          30          49          37.4
16   30.7035     29.8        29.8        48.6        37.023      18.823
17   30.5121     29.8        29.8225     48.6225     37.029      31.0292
18   30.022      30.022      48.6288     36.4289     18.629      50.6292
19   47.6287     29.8289     48.4288     36.4289     31.029      50.4292
20   30.0287     48.4289     36.0288     36.2289     50.4261     31.8257
21   29.8287     48.0289     35.8069     50.2267     50.2195     31.6191
22   48.007      35.407      48.6202     50.2198     31.8195     31.8191
23   48.0205     35.2205     49.8202     50.0198     31.8198     32.846
24   47.6205     67.8212     50.4208     32.4208     32.6293     20.0177
25   48.6041     67.8127     50.6127     32.6212     32.8092     14.0236
26   67.0045     50.4194     32.5984     32.8068      0.81521    33.6236
27   67.0113     50.3985     32.5984     18.8062     33.0061     32.6059
28   66.2064     31.8064     32.0063     33.0062     33.0061     32.8061
29   49.4064     32.0064     33.0064     32.8        32.8        33
30   31.8        51.4        33          32.8        32.8        33
31   65.8107     33.6195     33.6195     33.8283     33.8371     12.4459
32   33.6107     33.4195     33.6195     33.8283     12.6371     31.8459
33   33.6107     33.6195     33.8195     12.8283     32.0371     31.8459
34   33          33          45.4        31          30.8        31
35   33          45.4        31          30.8        31          42
36   45.4191     31.0193     30.8        31          53          40.6
37   31.3375     31.0193     42.4193     53.4195     21.8197     32.0199
38   31.3199     42.9202     54.1202     33.2195     32.6197     32.2199
39   54.5202     47.3202     34.3114     33.7028     33.503      63.3032
40   47.7009     34.7009     53.2921     64.0833     52.2946     41.0858
41   64.4        64.9009     64.4921     52.8833     41.4745     30.2657
42   64.6        64.8        41.2        29.8        30.2745     30.4657
43   65.2        41.6        29.8        41          22          10.6
44   41.4        23          11.2        11          10.8        10.6
45   11.4        11.4        11.2        11          10.8        10.6
46   11.4        11.4        11.2        11.2        11.2         0
47   18.4        18.6        18.6        18.8        19          19.2
48   29.8        30          29.8        29.8        29.8        29.8
49   29.8        30          29.8        29.8        29.8        29.8
50   12.1943     11.4        11.2        11          10.8        10.6
51    0.79432     0.802954    0           0           0           0
52   19.1943      0.802954    0           0           0           0
53   31.003      19.403      19.4116     18.8        19          19.2
54   47.403      30.803      30.8116     31.0116     19          19.2
55   47.6116     30.8116     30.6116     30.6116     30.6202     30
56   28.2        12.2116     12.0116     11.8116     31.0202     30
57   17          17.2        12.0202     11.8202     11.6202     11.4289
58   37.0884     17.2         0.828856    0.828856    0.828856   11.4289
59   37.0651     35.8        36.2        19.6289      0.828856    0.828856
60   37.2419     37.4419     36.2        18.8        19.8375     20.0375
61   49.2419     49.2419     36.2        18.8        19          20.0375
62   30.4186     30.4186     48          36.8        19          20.0461
63   48.6186     30.6186     30.4186     29          30.6        19.4
64   49.1953     30.5953     30.3953     28.8        29          10.8
65   37.7953     49.3721     30.5721     30.3721     29          10.6
66   37.9953     38.3721     38.1721     49.3721     29          10.6
67   36.8        38.3721     38.1488     38.3488     38.5488     48.4
68   37          38.3721     38.3256     38.5256     38.7256     37.8
69   18.6        18.6        39.1256     38.9256     38.9256     39.1256
70   18.6        18.6        20.1256     19.9023     39.3023     39.3023
71   60.2        37.4        18.8         1.30233    20.1023     39.5023
72   59.8        49          37.4         1.30233    20.0791     20.0791
73   59.6        49          49          39.3023     20.2558     20.2558
74   79.2        49.2        49.2        49.4        20.2558     20.4558
75   41.2        79.4        49.2        49.2        31.4558     39.6326
76   29.8        60.8        69          49.4        49.6        31.4326
77   29.8        49.2        50          69.2        49.6        31.2326
78   29.6        29.6        39          50.2        50.2        30
79   10.2        29.8        49.6        39.4        50.4        50.6
80   10.2        10.2        49.8        39.6        39.6        50.6

:       57           58           59           60         :=
1     0          30           30.4352      30.4352
2    10.4        30           30.8888      30.8888
3    30          30.7148      30.6888      30.8888
4    30.7237     30.7148      30.6974      20.6974
5    30.9237     30.9148      30.9148       0.914796
6    30.7237     30.7237      20.3237       0
7    30.9322     30.9322      39.4         20
8    30.7411     50.2609      19.8         19.8
9    30.2694     39           19.8         19.8
10   49.6        19.6         19.6         19.8
11   38.2        19.4         19.4         19.8
12   38.2        19.4         19.4          0
13   19.2        19.2         31.2         11.8
14   19.2        31           11.8         11.8
15   19.0232     31.0295      31.8294      31.8296
16   31.2294     31.6293      31.6294      31.6296
17   51.0294     31.8293      31.8478      31.848
18   31.8294     31.8481      32.0248      19.8184
19   31.6255     31.6251      19.8184       0.0183784
20   31.8191     31.8187       0.0187387    0.0187387
21   31.8191     19.4191       0.0190991    0
22   32.0191      0.0190991   12.8         12.8
23    0.826193   13.8262      33.6347      33.6432
24   14.0262     33.6262      33.4347      33.4432
25   33.8321     33.632       33.6404      33.6489
26   33.6321     32.8058      33.0057      19.8057
27   32.6059     32.8058      19.8057       0.00571653
28   32.8061     33           11.2         11.2
29   33          11.4         11.2         11.2
30   11.4        11.4         11.2         11.2
31   12.2547     32.0547      32.0635      32.0724
32   31.6547     31.6547      31.8635      20.6724
33   31.8547     42.4547      41.0635      41.2724
34   41.8        40.4         40.2         20.6
35   40.6        21           30.8         30.8
36   31.8        31.4         31.2         20.6
37   32          31.8         20.8         10.2
38   32.2201     21.0201      20.6203      20.6205
39   40.6201     40.4201      29.8203      30.0205
40   41.2858     30.2858      29.8203      30.0205
41   30.4657     30.2569      30.4777      30.6777
42   30.6657      0.456929    10.6481      10.6481
43   11.0657     10.8569      10.6481      10.6481
44   10.6        10.4         10.6481      10.6481
45   10.6        10.4         10.4         10.4
46    0           0            0            0
47   19.4        19.4         19.6         19.8
48   30          29.8         29.8         30
49   30          29.8         29.8         30
50   10.6        10.4         10.2         10.2
51    0           0            0            0
52    0           0            0            0
53    0           0            0            0
54   19.4        19.4         19.6         19.8
55   30.2        19.4         19.6         19.8
56   30          29.8         29.8         30
57   10.6        10.4         30.2         30.2
58   11.4375     10.4         10.2         10.2
59    0.83749     0.83749      0            0
60    0.83749     0.83749      0            0
61   20.2375     20.2375       0.854758     0
62   20.2461     20.2461      20.4548      20.6548
63   20.2548     20.2548      20.4548      20.6548
64   30.4        20.4548      20.4548      20.6548
65   10.6        10.6         20.8634      20.8634
66   10.6        10.4         10.4         10.4
67   10.6        10.4         10.2         10.2
68   30          10.4         10.2         10.2
69   38.2        19.4         29.8         10.2
70   38.2        19.4         19.6         19.8
71   38.2        19.4         19.6         19.8
72   20.0791     39           19.8         19.8
73   20.2558     19.2         20           20
74   20.4558     20.4558      19.4          0
75   39.8326     20.4326      19.4          0
76   40.0326     40.0326      20.6326       0
77   50.8093     40.0093      40.2093      19.8
78   50.786      50.786       40.386       39.6
79   31.386      51.186       51.186       40.786
80   11.786      51.386       51.386       40.786
;

