sum{b in BEAMS} Int[b]*beam[b,i,j] [*,*] (tr)
:       1           2            3            4             5         :=
1      0         0             0            0            0
2      0         0             0            0            0
3      0         0             0            0            0
4      0         0             0            0            0
5      0         0             0            0            0
6      0         0             0            0            0
7      0         0             0            0            0
8      0         0             0            0            0
9      0         0             0            0            0
10     0         0             0            0            0
11     0         0             0            0            0
12     0         0             0            0            0
13     0         0             0            0            0
14     0         0             0            0            0
15     0         0             0            0            0
16     0         0             0            0            0
17     0         0             0            0            0
18     0         0             0            0            0
19     0         0             0            0            0
20     0         0             0            0            0
21     0         0             0            0            0
22     0         0             0            0            0
23   118.8     118.8         118.8          0            0
24   118.8     117.6         117.6        117.6          0
25   118.8     117.6         116.4        116.4        116.4
26     0       117.6         116.4        116.4        116.4
27     0         0           116.4        116.4        115.2
28     0         0             0          116.4        115.2
29     0         0             0            0          115.2
30     0         0             0            0            0
31   118.8     118.8         118.8          0            0
32   118.8     117.6         116.4        116.4        116.4
33   118.8     117.6         116.4        116.4        116.4
34    61.2     178.8         178.8        116.4        115.2
35    61.2      61.2          62.4        180          115.2
36    61.2      61.2          62.4         63.6        178.8
37    61.2     124.8         126           63.6         63.6
38    61.2      61.2         126          127.2        127.2
39   180       178.8         178.8        180          246
40   118.8     181.2         180          180          178.8
41   118.8     117.6         116.4        181.2        180
42     0         0             0          116.4        115.2
43     0         0             0            0            0
44     0         0             0            0            0
45     0         0             0            0            0
46     0         0             0            0            0
47     0         0             0            0            0
48     0         0             0            0            0
49     0         0             0            0            0
50     0         0             0            0            0
51     0         0             0            0            0
52     0         0             0            0            0
53     0         0             0            0          115.2
54   118.8     117.6         116.4        116.4        115.2
55   118.8     117.6         116.4        181.2        180
56   181.2     180           178.8        180          180
57   181.2     181.2          62.4         63.6         63.6
58    61.2      61.2          62.4         63.6         63.6
59    61.2      61.2           0            0.034955     0.0345946
60     0         0             0.034955     0.034955   115.235
61     0         0.0353153   116.435      116.435      115.235
62   118.836   117.635       116.435      116.435      115.235
63   118.836   117.635       116.435      116.435      116.4
64   118.836   117.636       117.636      117.6          0
65   120.036   120.036         0           64.8         64.8
66     0        63.6          63.6         63.6         63.6
67    62.4      62.4          62.4         63.6         63.6
68    61.2      61.2          62.4         63.6         63.6
69    61.2      61.2          62.4          0            0
70    61.2      61.2           0            0            0
71     0         0             0            0            0
72     0         0             0            0            0
73     0         0             0            0            0
74     0         0             0            0            0
75     0         0             0            0            0
76     0         0             0            0            0
77     0         0             0            0           79.2
78     0         0             0           79.2         79.2
79     0         0            78           78           78
80     0         0            78           78           78

:         6             7             8             9            10         :=
1      0             0            61.2          61.2          61.2
2      0             0            61.2          61.2          61.2
3      0             0             0            61.2          61.2
4      0             0             0            62.4          62.4
5      0             0             0            63.6          63.6
6      0             0             0            63.6          63.6
7      0             0             0             0            64.8
8      0             0             0             0            64.8
9      0             0             0             0            66
10     0             0             0             0            67.2
11     0             0             0             0             0
12     0             0             0             0             0
13     0             0             0             0             0
14     0             0             0             0             0
15     0             0             0             0             0
16     0             0             0             0             0
17     0             0             0             0             0
18     0             0             0             0             0
19     0             0             0             0             0
20     0             0             0             0             0
21     0             0             0             0             0
22     0             0             0             0             0
23     0             0             0             0             0
24     0             0             0             0             0
25     0             0             0             0             0
26   116.4           0             0             0             0
27   115.2         115.2           0             0             0
28   114           114           114             0             0
29   114           112.8         112.8         112.8           0
30   114           112.8         111.6         111.6         111.6
31     0           112.8         111.6         111.6         111.6
32     0             0           111.6         111.6         110.4
33   116.4           0             0           111.6         110.4
34   114           114           114             0           110.4
35   114           112.8         111.6         111.6         111.6
36   178.8         112.8         111.6         111.6         111.6
37    64.8         178.8         178.8         111.6         110.4
38    64.8          66            67.2         180           110.4
39   130.8         132            67.2          68.4         178.8
40   178.8         248.4         249.6         136.8         136.8
41   178.8         178.8         247.2         248.4         248.4
42   181.2         180           178.8         180           249.6
43     0           112.8         111.6         181.2         180
44     0             0             0             0           110.4
45     0             0             0             0             0
46     0             0             0             0             0
47     0             0             0             0             0
48     0             0             0             0             0
49     0             0             0             0             0
50     0             0             0             0             0
51     0             0             0             0             0
52     0             0             0             0           110.4
53   114           112.8         111.6         111.6         181.2
54   114           181.2         180           180           178.8
55   178.8         178.8         178.8         180           180.033
56   181.2          66            67.2335       68.4335       68.4332
57    64.8          66.0339       67.2335        0.0335135     0.0331532
58     0.0342342     0.0338739     0.0335135     0.0335135   110.434
59     0.0342342     0.0338739   111.634       111.634       110.4
60   114.034       112.834       111.634       111.6         110.4
61   114.035       112.835       111.6         111.6         182.4
62   114           112.8         112.8         182.4          69.6
63   116.4          68.4          68.4          68.4          68.4
64    67.2          67.2          67.2          68.4          68.4
65    64.8          66            67.2          68.4          68.4
66    64.8          66            67.2           0             0
67    64.8          66             0             0             0
68     0             0             0             0             0
69     0             0             0             0             0
70     0             0             0             0             0
71     0             0             0             0             2.53333
72     0             0             0             0            85.3333
73     0             0             0            85.36         85.3333
74     0             0            81.6          84.16         84.16
75     0            81.6          84.1867       84.16         84.16
76    80.4          83.0133       82.9867       84.1867       84.1867
77    79.2          81.8133       82.9867       84.1867        2.58667
78    81.84         81.8133       83.0133        2.61333       0
79    81.84         81.84          2.64          2.64          0
80    81.84          2.64          2.64          0             0

:        11            12            13           14          15        :=
1     61.2           0             0             0           0
2     61.2           0             0             0           0
3     61.2           0             0             0           0
4     62.4           0             0             0           0
5     63.6          64.8           0             0           0
6     63.6          64.8           0             0           0
7     64.8          64.8           0             0           0
8     64.8          64.8           0             0           0
9     66            66            67.2           0           0
10    67.2          67.2          67.2           0           0
11    67.2          67.2          67.2           0           0
12    68.4          68.4          68.4          69.6         0
13    68.4          68.4          68.4          69.6         0
14     0            69.6          69.6          69.6         0
15     0            70.8          70.8          70.8         0
16     0            70.8          70.8          70.8        73.2
17     0            72            72            72          73.2
18     0             0            73.2          73.2        73.2
19     0             0            73.2          73.2        73.2
20     0             0            74.4          74.4        74.4
21     0             0            74.4          74.4        74.4
22     0             0             0            75.6        75.6
23     0             0             0            76.8        76.8
24     0             0             0            76.8        76.8
25     0             0             0            78          78
26     0             0             0             0          79.2
27     0             0             0             0          79.2
28     0             0             0             0          80.4
29     0             0             0             0           0
30     0             0             0             0           0
31   111.6           0             0             0           0
32   110.4         110.4           0             0           0
33   109.2         109.2         109.2           0           0
34   109.2         108           108           108           0
35   109.2         108           106.8         106.8       106.8
36   111.6         108           106.8         105.6       105.6
37   109.2         109.2         216           105.6       105.6
38   109.2         108           108           213.6       105.6
39   178.8         108           106.8         105.6       211.2
40    69.6         178.8         106.8         105.6       105.6
41   250.8         141.6         178.8         178.8       105.6
42   249.6         249.6         250.8         253.2       286.8
43   250.8         250.8         250.8         252         254.4
44   181.2         180           253.2         253.2       254.4
45     0             0            74.4         180         255.6
46     0             0             0             0           0
47     0             0             0             0           0
48     0             0             0             0           0
49     0             0             0             0           0
50     0             0             0             0           0
51     0             0             0             0         105.632
52   109.2         108           106.8         180.032     180.032
53   180           178.832       178.832       178.832     180.032
54   178.833       178.832       178.832       178.832     180.032
55   181.233        70.8324       72.0321       73.2321     74.4321
56    69.6328        0.0327928     0.0327928     0         105.6
57     0.0331532     0.0331532   106.8         105.6       105.6
58   109.234       108           106.8         105.6       181.2
59   109.2         108           106.8         180         180
60   109.2         181.2         181.2         181.2        74.4
61   182.4          70.8          72            73.2        74.4
62    69.6          70.8          72            73.2        74.4
63    69.6          70.8          72             0           2.4
64    69.6           0             0             0           2.4
65     0             0             0             2.42667     2.4
66     0             0             2.45333       2.42667     2.42667
67     0             0             2.45333       2.42667    88.8267
68     0             2.48          2.45333      88.8533     88.8533
69     0             2.48         87.68         87.68       87.68
70     2.50667      87.68         87.68         87.68       85.2
71    86.5067       86.5067       86.5067       87.7067    152.4
72    85.3067       85.3067       86.5067       85.2        66
73    85.3333       85.3333       84             0          64.8
74    85.36         85.36          0             0          64.8
75    85.36          0             0             0          63.6
76     2.58667       0             0             0          63.6
77     0             0             0             0          62.4
78     0             0             0             0          61.2
79     0             0             0             0          61.2
80     0             0             0             0          61.2

:        16            17          18         19         20         21       :=
1      0             0            0          0         29.2216    29.2216
2      0             0            0          0         29.2216    29.2216
3      0             0            0          0         29.2216    29.2216
4      0             0            0          0         29.7946    29.7946
5      0             0            0          0         30.3676    30.3676
6      0             0            0          0         30.3676    30.3676
7      0             0            0          0         30.9405    30.9405
8      0             0            0          0         30.9405    30.9405
9      0             0            0          0         31.5135    31.5135
10     0             0            0          0         32.0865    32.0865
11     0             0            0          0         32.0865    32.0865
12     0             0            0          0         32.6595    32.6595
13     0             0            0          0         32.6595    32.6595
14     0             0            0          0         33.2324    33.2324
15     0             0            0          0         33.8054    33.8054
16     0             0            0          0         33.8054    33.8054
17     0             0            0          0         34.3784    34.3784
18     0             0            0          0         34.9514   141.751
19     0             0            0          0         34.9514   140.551
20    75.6           0            0          0         35.5243   141.124
21    75.6           0            0          0         35.5243   139.924
22    75.6           0            0          0         36.0973   139.297
23    76.8           0            0          0         36.6703   139.87
24    76.8          79.2          0          0         36.6703   138.67
25    78            79.2          0         37.8162    37.2432   138.043
26    79.2          79.2          0         37.8162    37.8162   138.616
27    79.2          79.2         81.6       37.8162   137.416    137.416
28    80.4          80.4         81.6       38.3892   136.789    136.789
29    81.6          81.6         81.6       38.9622   137.362    137.362
30    81.6          81.6         81.6       38.9622   136.162    136.162
31    82.8          82.8         82.8      123.535    136.735    136.735
32    82.8          82.8         82.8      123.535    135.535    135.535
33     0            84           84        124.108    134.908    134.908
34     0            85.2         85.2      125.881    135.481    135.481
35     0            85.2         85.2      125.881    220.681    134.281
36   105.6          86.4         86.4      221.254    221.254    134.854
37   105.6         105.6         86.4      220.054    220.054    133.654
38   104.4         104.4        192        220.627    220.627    221.827
39   210           103.2        192        325.6      222.4      222.4
40   208.8         207.6        206.4      323.2      323.2      221.2
41   104.4         206.4        205.2      425.773    322.573    322.573
42   178.8         103.2        204        425.146    423.946    423.946
43   253.2         358.8        206.4      423.946    421.546    419.146
44   253.2         254.4        357.6      488.119    522.919    520.519
45   254.4         254.4        342        387.892    582.292    600.292
46   153.6         256.8        340.8      386.692    481.492    483.921
47     0             0          243.6      288.865    483.295    399.294
48     0             0           84        209.695    291.295    302.094
49     0             0.030991    82.8306   128.668    128.668    223.468
50     0.0313514     0.030991    82.8306   129.241    310.441    323.641
51   104.431       181.231      261.631    306.841    306.841    322.411
52   178.831       178.831      307.988    307.384    307.384    225.784
53   178.832       259.232      306.757    306.184    308.584    228.184
54   180.032       154.8        203.557    126.757    228.757    182.24
55     0           182.4        229.33     228.13     231.596    182.24
56   104.4         181.2        307.33     306.13     229.196    181.04
57   104.4         258          305.503    306.596    230.969    183.467
58   180           256.8        309.596    206.369    130.769     82.6933
59   180           151.2        203.996    205.169     51.569      2.29333
60    74.4         152.347      203.369    126.569     52.1686     0
61    74.4          76.7467     127.168    127.168     52.7683    91.2
62    75.5733       75.5467     125.968    127.168    141.622     91.2
63    75.5733       75.5733     126.568    217.768    140.995     90
64    74.3733       74.3733     214.168    139.795    139.795     90
65    73.2         162          211.168    140.368    140.368     90
66   160.827       160.827      210.541    140.941    140.941      0
67   158.427       156          209.341    140.941     52.1405     0
68   154.8         154.8        208.714     52.7135    52.7135     0
69   154.8         154.8        121.686     53.2865    53.2865     0
70   153.6          67.2        120.486     53.2865    53.2865     0
71    67.2          67.2        121.059     53.8595    53.8595     0
72    66            66          121.059     53.8595    53.8595     0
73    64.8          64.8         54.4324    54.4324    54.4324     0
74    64.8          64.8         55.0054    55.0054    55.0054     0
75    63.6          63.6         55.0054    55.0054    55.0054     0
76    63.6          63.6         55.5784    55.5784    55.5784     0
77    62.4          62.4         55.5784    55.5784    55.5784     0
78    61.2          61.2         56.1514    56.1514    56.1514     0
79    61.2          61.2         56.7243    56.7243    56.7243     0
80    61.2          61.2         56.7243    56.7243    56.7243     0

:       22         23        24          25            26            27      :=
1     29.2216    118.8     118.8     118.8         120             0
2     29.2216    118.8     118.8     118.8         120             0
3     29.2216    117.6     117.6     117.6           0             0
4     29.7946    116.4     116.4     116.4           0             0
5     30.3676    116.4     116.4     116.4           0             0
6     30.3676    115.2     115.2     115.2           0             0
7     30.9405    115.2     115.2     115.2           0             0
8     30.9405    114       114       114             0             0
9    144.314     112.8     112.8     114             0             0
10   144.886     112.8     112.8     114             0             0
11   143.686     111.6     111.6       0             0             0
12   144.259     111.6     111.6       0             0             0
13   143.059     110.4     110.4       0             0             0
14   142.432     109.2     109.2       0             0             0
15   143.005     109.2     109.2       0             0             0
16   141.805     108       108         0             0             0
17   141.178     106.8     106.8       0             0             0
18   141.751     106.8     106.8       0             0             0
19   140.551     105.6     106.8       0             0             0
20   141.124     105.6       0         0             0             0
21   139.924     104.4       0         0             0             0
22   139.297     103.2       0         0             0             0
23   139.87      103.2       0         0             0             0
24   138.67      102         0         0             0             0
25   138.043     100.8       0         0             0             0
26   138.616     100.8       0         0             0             0
27    99.6       100.8       0         0             0             0
28    98.4       100.8       0         0             0             0
29    98.4         0         0         0             0             0
30    97.2         0         0         0             0             0
31    97.2         0         0         0             0             0
32    96           0         0         0             0             0
33    94.8         0         0         0             0             0
34    94.8         0         0         0             0             0
35    93.6         0         0         0             0             0
36    93.6         0         0         0             0             0
37    93.6         0         0         0             0             0
38     0           0         0         0             0             0
39     0           0         0         0             0             0
40     0           0         0         0             0             0
41     0           0         0         0             0             0
42   192           0         0         0             0             0.0281081
43   289.2       196.8       0         0.0284685     0.0281081     0.0281081
44   289.2       196.8     196.829     0.0284685     0.0281081     2.10811
45   388.8       291.629   290.429   290.428        98.1348        2.10811
46   552.03      468.029   370.829   285.629       286.535       190.48
47   356.43      549.629   453.629   370.563       369.307       284.107
48   258.03      258.03    357.63    454.533       368.107       456.907
49   177.63      345.6     252.96    443.733       538.533       635.733
50   277.2       362.187   363.36    351.36        446.16        448.56
51   277.2       278.187   364.56    266.16        352.56        627.6
52   280.613     279.387   279.387   279.387       362.4         266.4
53   199.013     281.787   280.587   281.787       178.8         267.6
54   281.813     280.613   280.613   279.6         178.8         180
55   182.24      281.84    281.84    280.8         181.2          96
56   182.24      283.04    183.6     100.8          94.8          94.8
57    83.8667    102       102       196.8         198            94.8
58     2.29333   103.2     196.8     196.8         196.8          94.8
59     0          93.6     196.8     196.8         196.8          94.8
60    92.4        92.4     196.8     198           198             0
61    91.2        91.2     198       199.2         105.6         106.8
62    91.2        91.2     198       105.6         105.6         106.8
63    91.2        91.2       0       106.8         106.8         106.8
64    91.2         0         0       106.8         106.8         106.8
65     0           0         0       108           108           108
66     0           0         0       109.2         109.2         109.2
67     0           0         0         0           109.2         109.2
68     0           0         0         0           110.4         110.4
69     0           0         0         0           111.6         111.6
70     0           0         0         0             0           111.6
71     0           0         0         0             0           112.8
72     0           0         0         0             0           112.8
73     0           0         0         0             0           114
74     0           0         0         0             0             0
75     0           0         0         0             0             0
76     0           0         0         0             0             0
77     0           0         0         0             0             0
78     0           0         0         0             0             0
79     0           0         0         0             0             0
80     0           0         0         0             0             0

:        28            29           30          31          32        :=
1      0             0             0           0           0
2      0             0             0           0           0
3      0             0             0           0           0
4      0             0             0           0           0
5      0             0             0           0           0
6      0             0             0           0           0
7      0             0             0           0           0
8      0             0             0           0           0
9      0             0             0           0           0
10     0             0             0           0           0
11     0             0             0           0           0
12     0             0             0           0           0
13     0             0             0           0           0
14     0             0             0           0           0
15     0             0             0           0           0
16     0             0             0           0           0
17     0             0             0           0           0
18     0             0             0           0           0
19     0             0             0           0           0
20     0             0             0           0           0
21     0             0             0           0           0
22     0             0             0           0           0
23     0             0             0           0           0
24     0             0             0           0           0
25     0             0             0           0           0
26     0             0             0           0           0
27     0             0             0           0           0
28     0             0             0           0           0
29     0             0             0           0           0
30     0             0             0           0           0
31     0             0             0           0           0
32     0             0             0           0           0
33     0             0             0           0           0
34     0             0             0           0           0
35     0             0             0           0           0
36     0             0             0           0           1.94667
37     0             0             0           1.97333     1.94667
38     0             0             0           1.97333     1.97297
39     0             0             2           2           1.99964
40     0             0.0273874     2.02703     2           1.99964
41     0.0277477     2.05405       2.02703     2.02667     2.02667
42     2.08108       2.05405       2.05369     2.05369     2.05369
43     2.08108       2.05441       2.05441     2.02667     0
44     2.08144       2.08144       2.05333     0           0
45     2.10811       2.08          2.08        0           0
46    95.68          2.08          0           0           0
47   188.107       184.8         182.4       182.4        91.2
48   454.507       270           360         451.2       358.8
49   543.6         632.4         537.6       447.6       535.2
50   625.2         538.8         718.8       625.2       632.4
51   624           536.4         628.8       638.4       456
52   357.6         447.6         546         546         547.2
53   266.4         454.8         367.2       367.2       372
54   190.8         187.2         277.2       276         277.2
55    96            96            97.2       278.4       180
56    94.8          96            97.2         0         181.2
57    94.8          96             0           0           0
58    94.8           0             0           0           0
59     0             0             0           0           0
60     0             0             0           0           0
61     0             0             0           0           0
62     0             0             0           0           0
63     0             0             0           0           0
64     0             0             0           0           0
65   109.2           0             0           0           0
66   109.2           0             0           0           0
67   109.2           0             0           0           0
68   110.4         111.6           0           0           0
69   111.6         111.6           0           0           0
70   111.6         111.6           0           0           0
71   112.8         112.8           0           0           0
72   112.8         112.8         115.2         0           0
73   114           114           115.2         0           0
74   115.2         115.2         115.2         0           0
75   115.2         115.2         115.2         0           0
76   116.4         116.4         116.4       117.6         0
77   116.4         116.4         116.4       117.6         0
78     0           117.6         117.6       117.6         0
79     0           118.8         118.8       118.8       120
80     0           118.8         118.8       118.8       120

:        33            34            35            36            37         :=
1      0             0             0             0             0
2      0             0             0             0             0
3      0             0             0             0             0
4      0             0             0             0             0
5      0             0             0             0             0
6      0             0             0             0             0
7      0             0             0             0             0
8      0             0             0             0             0
9      0             0             0             0             0
10     0             0             0             0             0
11     0             0             0             0             0
12     0             0             0             0             0
13     0             0             0             0             0
14     0             0             0             0             0
15     0             0             0             0             0
16     0             0             0             0             0
17     0             0             0             0             0
18     0             0             0             0             0
19     0             0             0             0             0
20     0             0             0             0             0
21     0             0             0             0             0
22     0             0             0             0             0
23     0             0             0             0             0
24     0             0             0             0             0
25     0             0             0             0             0
26     0             0             0             0             0
27     0             0             0             0             0
28     0             0             0             0             1.81333
29     0             0             0             1.84          1.81333
30     0             0             0             1.84          1.81333
31     0             0             1.86667       1.84          1.84
32     0             1.89333       1.86667       1.84          1.84
33     0             1.89333       1.86667       1.86667       1.86667
34     1.92          1.89333       1.89333       1.89333       0.0248649
35     1.92          1.89333       1.89333       1.91856       0.0248649
36     1.92          1.94595       1.94559       0.0252252     0.0248649
37     1.94595       1.94595       1.94559       0.0252252     0.0252252
38     1.97261       1.97261       0.0255856     0.0255856     0.0255856
39     1.99928       0.0259459     0.0259459     0             0
40     1.99964       0.0263063     0             0             0
41     0.0266667     0             0             0             0
42     0             0             0             0             0
43     0             0             0             0             0
44     0             0             0             0            98.4
45     0             0             0            97.2         298.8
46    93.6         188.4         188.4         292.8         295.2
47   186           187.2         374.4         375.6         459.6
48   358.8         548.4         458.4         458.4         459.6
49   544.8         547.2         450           352.8         351.6
50   631.2         540           357.6         355.2         166.8
51   450           452.4         452.4         170.4          82.8
52   366           279.6         178.8         180           264
53   459.6         180           178.8         178.8         178.8
54   180           276           273.6         178.8         178.8
55   178.8         180           180           276           180
56   180           180           180           181.2          96
57    86.4         181.2         180           180           181.2
58     0            86.4         181.2         180           180
59     0             0            85.2          84           181.2
60     0             0             0            84            82.8
61     0             0             0             0            82.8
62     0             0             0             0             0
63     0             0             0             0             0
64     0             0             0             0             0
65     0             0             0             0             0
66     0             0             0             0             0
67     0             0             0             0             0
68     0             0             0             0             0
69     0             0             0             0             0
70     0             0             0             0             0
71     0             0             0             0             0
72     0             0             0             0             0
73     0             0             0             0             0
74     0             0             0             0             0
75     0             0             0             0             0
76     0             0             0             0             0
77     0             0             0             0             0
78     0             0             0             0             0
79     0             0             0             0             0
80     0             0             0             0             0

:        38            39            40            41            42         :=
1      0             0             0             0             0
2      0             0             0             0             0
3      0             0             0             0             0
4      0             0             0             0             0
5      0             0             0             0             0
6      0             0             0             0             0
7      0             0             0             0             0
8      0             0             0             0             0
9      0             0             0             0             0
10     0             0             0             0             0
11     0             0             0             0             0
12     0             0             0             0             0
13     0             0             0             0             0
14     0             0             0             0             0
15     0             0             0             0             0
16     0             0             0             0             0
17     0             0             0             0             0
18     0             0             0             0             0
19     0             0             0             0             1.65333
20     0             0             0             0             1.65333
21     0             0             0             1.70667       1.65333
22     0             0             0             1.70667       1.68
23     0             0             1.73333       1.70667       1.70667
24     0             1.76          1.73333       1.70667       1.70667
25     0             1.76          1.73333       1.73333       1.73333
26     1.78667       1.76          1.76          1.76          0
27     1.78667       1.76          1.76          1.76          0
28     1.78667       1.78667       1.78667       0             0
29     1.81333       1.81333       1.81333       0             0
30     1.81333       1.81333       0             0             0.0234234
31     1.84          0             0             0.0237838     0.0234234
32     1.84          0             0.0241441     0.0237838     0.0234234
33     0.0245045     0.0245045     0.0241441     0.0237838     0.0237838
34     0.0245045     0.0245045     0.0241441     0.0241441     0.0241441
35     0.0245045     0.0245045     0.0245045     0.0245045     0
36     0.0248649     0.0248649     0             0             0
37     0.0252252     0             0             0             0
38     0             0             0             0             0
39     0             0             0             0             0
40     0             0             0             0           106.8
41     0             0             0           106.8         210
42     0             0           206.4         206.4         206.4
43     0           205.2         205.2         205.2         206.4
44   202.8         202.8         303.6         306           307.2
45   298.8         300           301.2         304.8         178.8
46   297.6         381.6         462           258           256.8
47   460.8         364.8         259.2         258           156
48   363.6         163.2         160.8         158.4         157.2
49   247.2         163.2         163.2          81.6           0
50   165.6          81.6          81.6          81.6           0
51    81.6          81.6          80.4          79.2          78
52    81.6          81.6          80.4          79.2          78
53   180           181.2         178.8          79.2          78
54   178.8         180           180            99.6         100.8
55   178.8         180           178.8         180           181.2
56   178.8         181.2         180           178.8         178.8
57    97.2         180           178.8         181.2         180
58   181.2          98.4          98.4         178.8          78
59   181.2         181.2          98.4          99.6         100.8
60    81.6         181.2         181.2          99.6         100.8
61    81.6          81.6         182.4         182.4         100.8
62    81.6          81.6          80.4          80.4         183.6
63     0            81.6          80.4          79.2          79.2
64     0             0            80.4          79.2          78
65     0             0             0            79.2          78
66     0             0             0             0            78
67     0             0             0             0             0
68     0             0             0             0             0
69     0             0             0             0             0
70     0             0             0             0             0
71     0             0             0             0             0
72     0             0             0             0             0
73     0             0             0             0             0
74     0             0             0             0             0
75     0             0             0             0             0
76     0             0             0             0             0
77     0             0             0             0             0
78     0             0             0             0             0
79     0             0             0             0             0
80     0             0             0             0             0

:        43            44            45            46            47         :=
1      0             0             0             0             0
2      0             0             0             0             0
3      0             0             0             0             0
4      0             0             0             0             0
5      0             0             0             0             0
6      0             0             0             0             0
7      0             0             0             0             0
8      0             0             0             0             0
9      0             0             0             0             0
10     0             0             0             0             0
11     0             0             0             0             1.52
12     0             0             0             0             1.52
13     0             0             0             1.57333       1.52
14     0             0             1.57333       1.57333       1.54667
15     0             0             1.57333       1.57333       1.57333
16     0             1.62667       1.57333       1.57333       1.57333
17     0             1.62667       1.6           1.6           1.6
18     1.65333       1.62667       1.62667       1.62667       0
19     1.65333       1.62667       1.62667       1.62667       0
20     1.65333       1.65333       1.65333       0             0
21     1.65333       1.65333       0             0             0
22     1.68          1.68          0             0             0
23     1.70667       0             0             0             0
24     1.70667       0             0             0             0
25     0             0             0             0             0
26     0             0             0             0             0.021982
27     0             0             0             0.0223423     0.021982
28     0             0             0.0223423     0.0223423     0.021982
29     0             0.0227027     0.0223423     0.0223423     0.0223423
30     0.0230631     0.0227027     0.0223423     0.0223423     0.0223423
31     0.0230631     0.0227027     0.0227027     0.0227027     0
32     0.0230631     0.0230631     0.0230631     0             0
33     0.0237838     0             0             0             0
34     0             0             0             0             0
35     0             0             0             0           111.6
36     0             0             0           110.4         110.4
37     0             0           109.2         109.2         109.2
38     0           109.2         109.2         109.2         217.2
39   108           108           213.6         214.8         214.8
40   106.8         212.4         213.6         214.8         105.6
41   210           210           212.4         105.6         105.6
42   208.8         210           104.4         212.4         106.8
43   313.2         207.6         208.8         180           178.8
44   204           178.8         178.8         180           178.8
45   178.8         254.4         253.2         254.4         252
46   255.6         254.4         148.8         148.8         147.6
47   153.6         152.4         151.2          74.4          73.2
48   156            76.8          76.8           0             0
49     0             0             0             0             0
50     0             0             0             0             0
51    78            78             0             0             0
52    76.8          75.6          74.4          74.4          74.4
53    76.8          75.6          74.4          74.4          73.2
54    76.8          75.6          74.4          74.4          73.2
55   102           103.2           0             0            73.2
56   180           181.2         104.4         105.6         105.6
57   178.8         180           181.2         105.6         105.6
58   181.2         180           178.8         180           180
59   178.8          75.6          74.4         181.2         181.2
60   102           178.8          74.4          74.4          73.2
61   102           103.2         104.4         180            73.2
62   103.2         103.2         104.4         105.6         178.8
63   183.6         104.4         104.4         105.6         105.6
64    78            78           105.6         105.6         105.6
65    76.8          76.8          76.8           0           108
66    76.8          75.6          75.6          75.6           0
67    76.8          75.6          74.4          74.4          74.4
68     0            75.6          74.4          74.4          74.4
69     0             0            74.4          74.4          73.2
70     0             0             0            74.4          73.2
71     0             0             0             0            73.2
72     0             0             0             0             0
73     0             0             0             0             0
74     0             0             0             0             0
75     0             0             0             0             0
76     0             0             0             0             0
77     0             0             0             0             0
78     0             0             0             0             0
79     0             0             0             0             0
80     0             0             0             0             0

:        48            49            50            51            52         :=
1      0             0             0             0             0
2      0             0             0             0             0
3      0             0             0             0             1.41333
4      0             0             0             0             1.41333
5      0             0             0             1.44          1.41333
6      0             0             1.44          1.44          1.41333
7      0             0             1.44          1.44          1.44
8      0             1.49333       1.44          1.44          1.44
9      0             1.49333       1.46667       1.46667       1.46667
10     1.52          1.49333       1.49333       1.49333       0
11     1.52          1.49333       1.49333       1.49333       0
12     1.52          1.52          1.52          0             0
13     1.52          1.52          0             0             0
14     1.54667       1.54667       0             0             0
15     1.57333       0             0             0             0
16     0             0             0             0             0
17     0             0             0             0             0
18     0             0             0             0             0
19     0             0             0             0             0
20     0             0             0             0             0
21     0             0             0             0             0
22     0             0             0             0             0
23     0             0             0             0.0205405     0.0205405
24     0             0             0.0209009     0.0205405     0.0205405
25     0             0.0212613     0.0209009     0.0205405     0.0205405
26     0.0216216     0.0212613     0.0209009     0.0209009     0.0209009
27     0.0216216     0.0212613     0.0212613     0.0212613     0
28     0.0216216     0.0216216     0.0216216     0             0
29     0.0223423     0             0             0             0
30     0             0             0             0           115.2
31     0             0             0           114           114
32     0             0           112.8         112.8         112.8
33     0           112.8         112.8         112.8         112.8
34   111.6         111.6         111.6         112.8         112.8
35   111.6         111.6         111.6         112.8         112.8
36   110.4         111.6         223.2         111.6         111.6
37   219.6         220.8         109.2         110.4         111.6
38   218.4         108           109.2         110.4         111.6
39   106.8         108           109.2         110.4           0
40   106.8         108             0             0             0
41   106.8           0           111.6         180           180
42   106.8         178.8         178.8         178.8         180
43   178.8         178.8         178.8         178.8         180
44   178.8         249.6         248.4         248.4         138
45   144           142.8         141.6          68.4          68.4
46    72            70.8          69.6          68.4          68.4
47    72            72            72             0             0
48     0             0             0             0             0
49     0             0             0             0             0
50     0             0             0             0             0
51     0             0             0             0             0
52    74.4           0             0             0             0
53    72            70.8          70.8          70.8           0
54    72            70.8          69.6          68.4          68.4
55    72            70.8          69.6          68.4          68.4
56     0             0            69.6          68.4          68.4
57   106.8         108             0             0             0
58   106.8         108           109.2         110.4           0
59   181.2         108           109.2         110.4         111.6
60   181.2         181.2         181.2         110.4         111.6
61    72            70.8         181.2         181.2         181.2
62   178.8          70.8          69.6          68.4          68.4
63   106.8         178.8          69.6          68.4          68.4
64   106.8         108           109.2         178.8          68.4
65   108           108           109.2         110.4         180
66   109.2         109.2         109.2         110.4         111.6
67     0             0           111.6         111.6         111.6
68    74.4           0             0           111.6         111.6
69    73.2          73.2           0             0             0
70    72            72            72             0             0
71    72            70.8          70.8          70.8           0
72    72            70.8          69.6          69.6          69.6
73     0            70.8          69.6          68.4          68.4
74     0             0            69.6          68.4          68.4
75     0             0             0            68.4          68.4
76     0             0             0             0            68.4
77     0             0             0             0             0
78     0             0             0             0             0
79     0             0             0             0             0
80     0             0             0             0             0

:        53            54            55            56            57         :=
1      1.36          1.36          1.36          1.36          0
2      1.36          1.36          1.36          1.36          0
3      1.36          1.36          1.36          0             0
4      1.38667       1.38667       1.38667       0             0
5      1.41333       1.41333       0             0             0
6      1.41333       1.41333       0             0             0
7      1.44          0             0             0             0
8      0             0             0             0             0
9      0             0             0             0             0
10     0             0             0             0             0
11     0             0             0             0             0
12     0             0             0             0             0
13     0             0             0             0             0
14     0             0             0             0             0
15     0             0             0             0             0
16     0             0             0             0             0
17     0             0             0             0             0
18     0             0             0             0             0
19     0             0             0             0             0.0190991
20     0             0             0.0194595     0.0190991     0.0190991
21     0             0.0198198     0.0194595     0.0190991     0.0190991
22     0.0201802     0.0198198     0.0194595     0.0190991     0.0190991
23     0.0201802     0.0198198     0.0198198     0.0198198     0
24     0.0201802     0.0201802     0.0201802     0             0
25     0.0205405     0.0205405     0             0           118.8
26     0             0             0           117.6         117.6
27     0             0           116.4         116.4         116.4
28     0           116.4         116.4         116.4         116.4
29   115.2         115.2         115.2         116.4         116.4
30   115.2         115.2         115.2         116.4           0
31   114           115.2         115.2           0             0
32   114           115.2           0           116.4         116.4
33   114             0           116.4         116.4         116.4
34   114           114           114           115.2         116.4
35   112.8         112.8         114           115.2         116.4
36   111.6         112.8         114           115.2           0
37   111.6         112.8           0             0             0
38   111.6           0             0             0             0
39     0             0             0           180           180
40   114           180           178.8         178.8         180
41   178.8         178.8         178.8         178.8         180
42   178.8         178.8         178.8         180           181.2
43   178.8         246           132            63.6          63.6
44    67.2          66            64.8          63.6          63.6
45    67.2          66            64.8          63.6          63.6
46    67.2          67.2          67.2           0             0
47     0             0             0             0             0
48     0             0             0             0             0
49     0             0             0             0             0
50     0             0             0             0             0
51     0             0             0             0             0
52     0             0             0             0             0
53     0             0             0             0             0
54    68.4          68.4           0             0             0
55    67.2          66            64.8          64.8          64.8
56    67.2          66            64.8          63.6          63.6
57    67.2          66            64.8          63.6          63.6
58     0             0             0            63.6          63.6
59   111.6         112.8           0             0             0
60   111.6         112.8         114           115.2           0
61   111.6         112.8         114           115.2         116.4
62   182.4         114           114           115.2         116.4
63    67.2          67.2         183.6         116.4         116.4
64    67.2          66            64.8          64.8         182.4
65    67.2          66            64.8          63.6          63.6
66   111.6         178.8          64.8          63.6          63.6
67   111.6         112.8         114           178.8          63.6
68   111.6         112.8         114           115.2         180
69   114           114           114           115.2         116.4
70     0             0           116.4         116.4         116.4
71     0             0             0           116.4         116.4
72     0             0             0             0             0
73    68.4           0             0             0             0
74    68.4          68.4           0             0             0
75    67.2          67.2          67.2           0             0
76    67.2          66            66            66             0
77    67.2          66            64.8          64.8          64.8
78     0            66            64.8          63.6          63.6
79     0             0            64.8          63.6          63.6
80     0             0             0            63.6          63.6

:        58            59            60         :=
1      0             0             0
2      0             0             0
3      0             0             0
4      0             0             0
5      0             0             0
6      0             0             0
7      0             0             0
8      0             0             0
9      0             0             0
10     0             0             0
11     0             0             0
12     0             0             0
13     0             0             0
14     0             0             0
15     0             0             0
16     0             0             0
17     0             0.0183784     0.0183784
18     0.0187387     0.0183784     0.0183784
19     0.0187387     0.0183784     0.0183784
20     0.0187387     0.0187387     0.0187387
21     0.0190991     0.0190991     0
22     0.0190991     0             0
23     0           120           120
24   118.8         118.8         118.8
25   118.8         118.8         118.8
26   117.6         118.8         118.8
27   117.6         118.8           0
28   117.6           0             0
29     0             0             0
30     0             0             0
31   118.8         118.8         118.8
32   116.4         117.6         118.8
33   116.4         117.6         118.8
34   116.4         117.6           0
35     0             0             0
36     0             0             0
37     0             0             0
38     0            61.2          61.2
39   178.8         178.8         180
40   178.8         178.8         180
41   178.8         180           181.2
42     0            61.2          61.2
43    62.4          61.2          61.2
44    62.4          61.2          61.2
45    62.4          62.4          62.4
46     0             0             0
47     0             0             0
48     0             0             0
49     0             0             0
50     0             0             0
51     0             0             0
52     0             0             0
53     0             0             0
54     0             0             0
55     0             0             0
56    62.4          61.2          61.2
57    62.4          61.2          61.2
58    62.4          61.2          61.2
59     0             0             0
60     0             0             0
61   116.4           0             0
62   116.4         117.6         118.8
63   116.4         117.6         118.8
64   117.6         117.6         118.8
65    63.6         120           120
66    62.4          62.4          62.4
67    62.4          61.2          61.2
68    62.4          61.2          61.2
69   116.4         178.8          61.2
70   116.4         117.6         118.8
71   116.4         117.6         118.8
72   118.8         118.8         118.8
73     0           120           120
74     0             0             0
75     0             0             0
76     0             0             0
77     0             0             0
78    63.6           0             0
79    63.6          63.6           0
80    63.6          63.6           0
;

