sum{b in BEAMS} Int[b]*beam[b,i,j] [*,*] (tr)
:       1            2            3            4             5         :=
1     33.15      33.15         33.15         0            0
2     33.15      33.15         33.15        33.8          0
3     33.15      33.15         33.15        33.8          0
4      0         33.8          33.8         33.8         34.45
5      0         34.45         34.45        34.45        34.45
6      0          0            34.45        34.45        34.45
7     64         64            35.1         35.1         35.1
8     63.36      63.36         35.1         35.1         35.1
9     63.36      63.36         63.36        35.75        35.75
10    62.72      62.72         62.72        36.4         36.4
11    62.72      62.08         62.08        62.08        36.4
12    62.72      62.08         62.08        62.08        37.05
13    24.78      86.86         61.44        61.44        61.44
14    24.78      86.86         86.22        61.44        61.44
15    42.78      42.78         86.22        60.8         60.8
16    42.6       42.6          86.22        85.78        60.16
17    43.02      43.02         43.02        85.78        85.78
18    17.82      43.26         43.26       103.42        85.14
19    17.82      17.46         43.08        43.08        85.14
20     0         17.46         43.5         43.5        103.02
21     0         17.46         17.46        43.32        43.32
22    24.32      24.32         17.46        43.74        43.74
23    34.22      34.22         34.6         17.28        43.98
24    34.22      34.12         34.5         52.16        17.1
25    34.6       34.5          34.4         34.78        51.88
26     0         34.88         34.78        34.78        34.78
27    30.25      30.25         34.78        34.78        34.68
28    30.25      30.25         56.26        35.16        35.06
29    30.25      30.25         30.8         57.19        35.44
30    30.8       30.8          30.8         31.35        57.19
31    48.51      79.86         79.86        31.35        31.35
32    90.33      89.84         78.88        78.88        78.88
33    90.33      89.84         90.17       122.89        79.43
34    57.63     105.65        106.29        90.99       122.95
35    58.45      58.45         58.76       107.42        90.5
36    15.81      15.81         59.58        59.89       106.93
37    24.99      41.42         41.91        60.71        60.71
38    24.99      24.99         41.91        42.4         87.5
39    78.45      77.91         77.86        78.35        95.4
40    53.46      78.89         78.35        78.35        77.81
41    53.46      52.92         52.38        78.84        78.3
42    49.98      49.98         50.96       104.32       103.78
43    49.98      49.98         50.96        51.94        51.94
44    49.98      49.98         50.96        51.94        51.94
45     0          0             0            0           53.9
46     0          0             0            0            0
47    37.62      37.24         36.86        36.86        36.48
48    52.41      52.03         51.94        52.23        51.85
49    52.41      52.03         51.94        52.23        51.85
50    14.79      14.79         15.08        15.37        15.37
51     0          0             0            0            0
52     0          0             0            0            0
53     0          0             0            0           72.96
54    75.24      74.48         73.72        73.72        72.96
55    75.24      74.48         73.72        82.36        81.6
56    83.56      82.8          82.04        82.2         82.2
57    84.16      84.16          8.32         8.48         8.48
58     8.16       8.16          8.32         8.48         8.48
59     8.16       8.16          0            0.034955     0.0345946
60     0          0             0.034955     0.034955    45.1546
61     0          0.0353153    45.625       45.625       45.1546
62    46.5657    46.0953       45.625       45.625       45.155
63    46.5657    46.0953       45.6253      45.6253      45.59
64    46.5657    46.0957       46.0957      46.06         0
65    47.036     47.036         0           43.2         43.2
66     0         42.4          42.4         42.4         42.4
67    41.6       41.6          41.6         42.4         42.4
68    40.8       40.8          41.6        129.7        128.8
69    40.8      129           128.9         87.3         86.4
70   129.9      129            87.3         87.3         86.4
71    89.1       88.2          87.3         87.3         87.3
72    89.1       89.1          89.1          0            0
73    90         90             0            0            0
74     0          0             0            0            0
75     0          0             0           46.56       108.16
76     0          0            46.56       108.64       108.16
77     0         47.04        109.28       108.64       155.68
78    47.52     110.4         109.28       156.16       156.16
79   111.52     110.4         156.56       156.56       109.52
80   111.52     110.88        157.68       110.16        46.8

:         6             7             8             9            10         :=
1     72.242        72.242       111.002        38.76         38.76
2     72.242        72.242       111.002        38.76         38.76
3     71.5123       71.5123       71.5123       38.76         38.76
4     71.5123       70.7826       70.7826      110.303        39.52
5     71.5123       70.7826       70.7826      111.063        40.28
6      0            70.0528       70.0528      110.333        40.28
7     35.75         70.0528       70.0528       70.0528      111.093
8     35.75         70.0528       69.3231       69.3231      110.363
9     35.75         36.4          68.5934       68.5934      110.393
10    36.4          36.4          68.5934       68.5934      111.153
11    36.4          36.4         105.643        67.8637       67.8637
12    37.05         37.05        105.643        67.8637       67.8637
13    37.05         37.05         37.05         67.134        67.134
14    37.7          37.7          37.7         105.484        66.4043
15    99.15         38.35         38.35        105.484        66.4043
16    60.16         38.35         38.35         38.35        105.325
17    60.16         99.16         39            39           104.595
18    59.52         59.52         39.65         39.65        104.595
19    85.56         59.52         99.17         39.65        104.595
20    84.92         58.88         58.88         40.3          40.3
21   102.2          85.12         58.24         98.54         40.3
22   102.62         85.12         85.12         58.24         40.95
23    43.98        102.22         84.48         57.6          99.2
24    43.8         102.04        100.76         84.68         98.56
25    44.22         44.22        101.18        101.6          84.68
26    26.62         44.46        101.42        100.78         84.04
27    35.44         26.34         44.46        100.78        100.78
28    35.34         52.08         54.38        101.02        100.38
29    35.34         35.24         52.36         54.34        100.62
30    35.34         35.24         35.52         51.9         109.92
31    58.12         35.62         35.52         51.9          81.26
32    31.9          58.67         35.52         35.52         52.18
33    79.43         32.45         59.6          35.9          35.8
34    79            79           106.53         60.53         36.18
35   123.83         79.06         78.57        106.1         106.65
36   107.57        124.71         79.12         79.12        107.03
37    61.02        108.21        142.95        126.41         79.18
38    61.84         62.15         63.28        144.08        125.92
39    89.43         89.92         63.28         64.41        144.14
40    77.76         95.92        143.15         92.34         92.34
41    77.76         77.71         95.33        143.38        143.38
42   131.66         78.2          77.66         78.15        144.28
43    52.92        104.66        105.1         134.5         133.96
44    52.92         53.9          54.88         55.86        105.54
45    53.9          53.9          54.88         55.86         55.86
46     0             0             0            56.84         56.84
47    36.1          35.72         35.34         35.34         34.96
48    51.76         51.67         51.58         51.87         51.49
49    51.76         51.67         51.58         51.87         51.49
50    15.66         15.95         16.24         16.53         16.53
51     0             0             0             0             0
52     0             0             0             0            69.92
53    72.2          71.44         70.68         70.68         79.36
54    72.2          80.56         79.8          79.8          79.04
55    80.84         80.24         79.64         79.8          79.8332
56    82.36          8.8           8.99351       9.15351       9.15315
57     8.64          8.83387       8.99351       0.0335135     0.0331532
58     0.0342342     0.0338739     0.0335135     0.0335135    43.2735
59     0.0342342     0.0338739    43.7439       43.7439       43.24
60    44.6842       44.2142       43.7442       43.71         43.24
61    44.6846       44.2146       43.71         43.71         90.91
62    44.65         44.18         44.18         90.58         46.4
63    45.59         45.6          45.6          45.6         108.6
64    44.8          44.8          44.8          45.6         108.6
65    43.2          44            44.8         129.3         191.4
66    43.2         128.6         128.5         148.1         146.5
67   128.7         128.6          83.7         148.1         146.5
68    85.5          84.6          83.7         148.1         148.1
69    85.5          85.5         151.3          65.1          65.1
70    86.4          86.4          65.8          65.1          65.1
71     0             0            65.8          65.8         173.316
72     0             0           110.44        169.96        222.972
73     0           112.32        171.3         222.9         223.649
74    45.6         173.12        220.96        222.88        224.136
75   107.04        222.08        224.027       225.233       138.133
76   223.88        225.153       225.127       206.699        77.9992
77   223.64        225.553       205.647       145.876        29.016
78   180.84        144.473       144.933        29.0194       26.406
79   145.46        145.2          98.606        29.306        26.666
80   145.46         97.68         98.866        26.926         1.18605

:        11           12          13          14         15         16       :=
1     38.76         62.37       62.37       62.37       0          0
2     38.76         62.37       62.37       62.37       0          0
3     38.76         61.74       61.74       61.74       0          0
4     39.52         61.11       61.11       61.11       0          0
5     40.28        102.15       61.11       61.11       0          0
6     40.28        101.52       60.48       60.48       0          0
7     41.04        101.52       60.48       60.48      60.48       0
8     41.04        101.52       59.85       59.85      59.85       0
9     41.8          41.8       101.78       59.22      59.22       0
10    42.56         42.56      101.78       59.22      59.22       0
11   110.424        42.56      101.15       58.59      58.59       0
12   111.184        43.32      101.91      102.67      58.59       0
13   110.454        43.32      101.91      102.04      57.96      57.96
14    66.4043      110.484     102.67      101.41      57.33      57.33
15    66.4043      111.244      44.84      102.17      57.33      57.33
16    65.6745      110.515      44.84      101.54     103.06      56.7
17    64.9448      110.545      45.6       101.67     102.43      56.07
18   105.245        64.9448    111.305     102.43     102.43      56.07
19   104.515        64.2151    110.575     102.43     101.8       55.44
20   104.515       105.165     111.335     103.19     102.56     103.32
21   104.515       104.435     110.605     110.605    101.93     102.69
22   105.165       103.706      62.7557    110.636    102.06     102.06
23    41.6         104.356     105.006     111.396    102.82     102.82
24    41.6         103.626     104.276     110.666    102.19     102.19
25    99.21        104.276     103.546     153.596    164.246    102.32
26    99.22        104.926     104.196     104.196    165.006    103.08
27    84.88         99.22      103.467     103.467    154.927    102.45
28   100.8         127.79      104.117     103.387    154.957    162.417
29    99.98         83.6       159.807     104.037    104.037    208.027
30    99.98         99.98      128.22      103.307    103.307    206.667
31   109.52         99.58       99.58      158.357    103.957    207.427
32   109.24        107.96       98.76      187.537    103.227    206.697
33    81.5         108.28      108.28      204.207    186.728    103.148
34    52.1         135.96      107.78      107.78     202.578    103.798
35    36.08         52.38      135.04      107.04     210.838    201.628
36   107.03         36.36      135.46      134.92     164.828    210.898
37   106.05        106.6        80.85      134.92     134.48     209.348
38    78.69        106.49      107.04      148.78     134.9      162.139
39   144.78         78.75      106.93      106.99     178.44     233.359
40   100.74        145.97      106.93      106.99     159.38     232.869
41   144.18        131.33      147.16      176.3      107.92     205.98
42   144.23        144.18      181.56      183.18     226.42     127.58
43   145.36        145.31      145.26      183.19     184.81     267.75
44   135.38        135.82      206.32      207.25     246.12     239.42
45    56.84         57.82       89.18      188.52     209.03     300.49
46    56.84         57.82       58.8        59.78     167.72     218.22
47    34.58         34.2        33.82       94.2      149.5      149.12
48    51.4          51.31       51.22       51.13     106.72     106.34
49    51.4          51.31       51.22      107.83     107.42     108.645
50    16.82         17.11       17.4        74.39      74.68     150.936
51     0             0           0          56.7      123.612    199.053
52    69.16         68.4        67.64      134.232    134.232    209.673
53    78.6          77.8724    136.072     134.072    135.79     209.65
54    78.4728       77.8724    136.072     134.772    136.467    211.997
55    79.9928        9.47243    68.4321     68.5921    70.287     77.9749
56     9.31279      60.2328     58.8328     60.3116   179.932    118.842
57     0.0331532    60.2332    101.33      102.348    180.608    119.728
58    42.8035      102.5       102.03      103.048    171.508    171.038
59   104.37        102.5       102.03      152.625    170.685    170.685
60   104.37        152         153.442     153.442    130.212    130.235
61   152.51        108.8       111.042      50.2419   131.122    209.445
62   108           108.8       111.019     210.409    210.299    167.463
63   108.7         190.5       191.819     161.609    164.009    168.373
64   190.6         144.695     143.795     161.585    164.009    169.163
65   144.9         145.372      81.4721    165.799    165.819     90.79
66   145.6         146.972      85.7254     86.6088    85.2367   186.047
67   146.5         147.849       3.80217    86.5855   235.637    241.537
68    65.7256        3.80558    88.4089    238.562    236.573    239.91
69    66.4256       47.0056    239.876     238.779    236.79     265.22
70   112.589       156.342     239.852     237.43     259.13     181.12
71   156.769       155.649     240.069     263.667    267.32      30.08
72   156.026       155.386     266.109     219.08     115.77      30.23
73   156.509       181.209     220.17      110.63     116.57      43.56
74   182.616       166.466     111.8       111.8      117.74      19.38
75    78.4326      114.226     112.06      112.06     106.77      19.27
76    28.7792      114.486     113.23      101.99      19.41      19.41
77    26.4293      113.49      102.13      101.99      19.3       62.61
78    26.406       103.04      103.04      102.9       19.33      62.64
79     1.18605     103.95      103.95      103.95      62.07      48.21
80     1.18605     103.95      103.95      103.95      48.21      48.21

:       17        18        19        20        21         22         23     :=
1      0         48.51     48.51     82.17     33.66     33.66      10.89
2      0         48.51     48.51     82.17     33.66     33.66      10.89
3      0         48.02     48.02     81.68     33.66     33.66      10.78
4      0         47.53     47.53     81.85     34.32     34.32      10.67
5      0         47.53     47.53     82.51     34.98     34.98      10.67
6      0         47.04     47.04     82.02     34.98     34.98      10.56
7      0         47.04     47.04     82.68     35.64     35.64      10.56
8      0         46.55     46.55     82.19     35.64     35.64      10.45
9      0         46.06     46.06     82.36     36.3      46.64      10.34
10     0         46.06     46.06     83.02     36.96     47.3       62.21
11     0         45.57     45.57     82.53     36.96     47.19      62.1
12     0         45.57     45.57     83.19     37.62     47.85      62.1
13     0         45.08     45.08     82.7      37.62     47.74      61.99
14     0         44.59     44.59     82.87     38.28     48.29      62.79
15     0         44.59     44.59     83.53     38.94     48.95      63.7
16     0         44.1      44.1      83.04     38.94    104.35      63.59
17     0         43.61     43.61     83.21     39.6     104.9       64.39
18     0         43.61     43.61     83.87     50.05    105.56      65.3
19    55.44      43.12     43.12     83.38     49.94    105.45     108.59
20    55.44      43.12     43.12     84.04     50.6     107.02     109.5
21    54.81      42.63     42.63     83.55    108.73    106.91     109.39
22    54.18      42.14     42.14     83.72    109.28    108.37     110.89
23    54.18      42.14     42.14     84.38    109.94    155.44     114.5
24   103.71      41.65     41.65     83.89    109.83    155.33     114.367
25   103.08      94.08     84.72     84.06    111.29    156.79     115.843
26   103.08      94.08     84.72     84.72    159.76    159.06     117.453
27   102.45     144.64     84.23    155.24    159.65    117.32     117.43
28   102.58     143.52     84.4     155.3     161.11    118.797    119.017
29   103.34     143.52     85.06    204.26    163.38    120.407     49.507
30   102.71     142.4      84.57    203.66    165.154   120.274     49.4837
31   103.47     143.16    189.46    205.23    167.424   121.884      1.88372
32   207.367    142.04    188.34    204.63    167.29    121.75       1.86047
33   206.768    141.68    302.19    206.3     169.427   123.227      1.83721
34   207.528    189.24    303.61    210.407   210.407   124.837      1.83721
35   206.168    245.528   302.49    264.504   209.784    10.394      1.83721
36   238.238    258.678   361.55    266.774   212.054    10.394      0
37   258.908    257.318   360.32    314.661   211.431    10.3707     0
38   258.729    312.629   363.887   316.437   218.217     1.7907     0
39   262.239    433.909   431.626   368.217   219.787     1.7907     0
40   332.199    418.019   527.143   375.464   219.164     0          0
41   283.299    446.819   570.88    371.681   210.421     0          0
42   313.219    450.09    602.02    519.46    267.841    66.82       0
43   363.559    475.187   599.857   546.447   298.741   157.6       48.38
44   269.06     564.324   669.724   631.084   438.49    205.12      48.38
45   375.804    562.964   643.344   677.804   540.56    249.98     157.489
46   377.131    467.471   593.841   753.974   629.329   489.31     350.669
47   276.561    390.311   603.681   668.99    728.789   492.82     492.069
48   179.768    250.878   453.208   530.54    683.06    503.66     503.48
49   181.386    132.885   368.918   341.67    570.83    456.26     519.42
50   150.316    101.495   283.628   337.571   419.001   488.66     432.187
51   151.082    157.802   285.711   260.391   361.201   382.531    411.217
52   151.673    213.333   169.16    261.021   252.941   276.274    359.327
53   159.02     213.191   168.56    260.661   252.611   240.254    306.208
54    94.4049   149.391    94.38    224.811   217.261   247.975    251.365
55   125.655    179.09    134.52    225.037   217.261   184.921    252.151
56   125.545    231.78    186.72    222.947   215.341   183.562    247.402
57   178.345    232.44    188.273   223.587   215.188   217.489    224.522
58   176.59     158.21    149.453   143.213   201.373   163.115    225.282
59   135.59     117.21    224.453   164.623   146.653   159.462    214.722
60   216.137    194.26    172.54    164.82    143.24    214.272    213.542
61   166.647    143.747   173.227   165.507   198.86    214.452    230.382
62   166.537    143.637   173.637   219.19    163.03    184.99     251.383
63   168.373    146.123   151.823   236.23    215.43    207.61     251.383
64    88.1733   120.993   236.14    235.02    198.76    206.98     196.513
65   103.45     215.01    236.31    258.07    198.75    152.75     125.65
66   158.437    214.95    260.11    259.85    146.51     72.93      72.79
67   155.18     238.24    260.74    207.2      64.32     72.3       97.56
68   179.21     240.39    167.96    111.79     64.09    124.92      96.36
69   180.33     147.37    113.2     125.87     40.95    124.35      95.79
70    29.82      91.2      98.2     101.98     87.32     87.32     151.56
71    30.08     105.42     75.2     148.79     86.75     86.75     138.54
72    43.67      81.5      75.2     147.59     85.55    129.99     137.91
73    19.38      76       121.44    147.9     129.5     129.5       91.02
74    19.38     121.53    121.53    134.55    129.5     129.5       91.62
75    19.27     120.82    107.38    191.55    129.01     83.57      91.62
76    63.43     121.62    166.84    192.21     84.17     84.17      58.2
77    62.61     107.33    166.84    191.72     83.68     83.68       0
78    48.92     167.39    167.5     148.47     83.79     24.99       0
79    48.21     168.05    124.74    149.73     84.39     24.99       0
80    48.21     168.05    124.74    149.73     24.99     24.99       0

:       24           25            26            27            28         :=
1     10.89       57.3          57.41         46.41          0
2     10.89       57.3          57.41         46.41         36.4
3     10.78       57.19         46.41         46.41         36.4
4     58.9        57.99         47.32         47.32         38.6558
5     58.9        58.9          48.23         48.23         39.3558
6     58.79       58.79         48.23         37.8          39.3326
7     59.7        59.7          49.14         37.8          40.0326
8     59.59       59.59         49.14         40.0093       40.0093
9     60.39       60.5          89.25         40.686        40.686
10    61.3        61.41         90.16         41.386        41.386
11    61.19       50.96         90.16         41.3628       41.3628
12    62.1        92.47         42.0628       42.0628       42.0628
13    61.99       92.47         42.0395       42.0395       42.0395
14    62.79       93.38         42.7163       42.7163        2.11628
15    63.7        97.1063       43.4163       43.4163        2.11628
16   106.29       97.083        43.393        43.393         2.11628
17   107.09       98.6698       44.0698       44.0698        0
18   108          44.7698       44.7698        2.06977       0
19   110.047      44.7465       44.7465        2.06977       0
20   101.867      45.4465       45.4465        2.06977       0
21   101.843      45.4233        2.02326       0             0
22   103.43       46.1           2             0             0
23    46.8        46.8           2             0             0
24    46.7767     46.7767        2             0             0
25    47.4535      1.95349       0             0             0
26    48.1535      1.95349       0             0             0
27    48.1302      1.95349       0             0             0
28     1.90698     1.95349       0             0             0
29     1.90698     0             0             0             0
30     1.90698     0             0             0             0
31     1.90698     0             0             0             0
32     0           0             0             0             0
33     0           0             0             0             0
34     0           0             0             0             0
35     0           0             0             0             0
36     0           0             0             0             0
37     0           0             0             0             0
38     0           0             0             0             0
39     0           0             0             0             0
40     0           0             0             0             0
41     0           0             0             0             0.0277477
42     0           0             0             0.0281081     2.08108
43     0           0.0284685     0.0281081     0.0281081     2.08108
44    48.4088      0.0284685     0.0281081     2.10811       2.08144
45    91.0688     91.0685       41.3348        2.10811       2.10811
46   191.859      89.3988       90.9655       82.91         44.2
47   278.059     244.653       244.947       211.427       202.607
48   396.28      280.543       244.847       258.287       256.877
49   416.46      375.913       295.403       339.753       313.13
50   432.96      360.62        193.18        138.36        304.79
51   433.18      325.65        331.52        286.79        229.62
52   414.017     435.387       410.26        297.68        239.06
53   380.667     437.557       326.71        297.81        263.41
54   257.483     381.8         374.32        400.53        346.55
55   258.28      292.12        344.88        366.04        310.36
56   283.272     233.7         261.12        306.72        310.28
57   228.102     291.99        327.55        262.19        351.18
58   240.222     292.68        292.04        350.88        346.62
59   240.392     276.5         308.94        264.98        256.06
60   257.042     256.642       331.93        220.43        308.09
61   279.902     279.242       232.44        339.13        271.49
62   317.603     222.833       190.52        302.59        237.15
63   196.403     237.953       196.153       193.88        215.01
64   208.523     195.373       172.873       183.69        215.01
65   164.573     173.043       227.643       184.59        272.96
66   141.243     173.233       227.833       172.75        123.76
67   140.613     159.144       214.364       166.084       123.76
68   195.213     181.584       214.994       166.714       201.38
69   138.57      181.584       168.074       168.074       146.94
70   137.94      132.674        96.6642      188.624       187.804
71   138.54      133.274        97.2642      189.384       189.384
72    91.05       91.05         40.1344      188.654       188.654
73    91.02       91.02        118.125       189.505       189.505
74    91.62       34.02        152.145       118.125       191.085
75    33.39      112.93        151.515       117.395       190.355
76    33.39      112.93        112.93        118.215       191.935
77   113.94      112.3         112.3         118.215       111.665
78   113.31      112.49        112.49        119.035        37.2156
79   113.31      113.31        113.31          0            37.2156
80   113.31      113.31        113.31          0            37.2156

:        29           30          31          32           33         :=
1     38.0023       65.7223     65.7223     30.0456      0
2     38.0023       65.7223     65.7223     30.0456      0
3     37.9791       65.4191     65.4191     27.44        0
4     38.6558       66.0958     29.4391     27.16       27.16
5     39.3558       66.7958     29.4391     27.16       27.16
6     39.3326       39.3326     26.88       26.88       26.88
7     40.0326       40.0326     26.88       26.88       26.88
8     40.0093        2.23256    26.88       26.6        26.6
9     40.686         2.23256    26.88       26.32       26.32
10    41.386         0           0          26.32       26.32
11     2.16279       0           0          26.04       26.04
12     2.16279       0           0          26.04       26.04
13     2.16279       0           0          26.04       25.76
14     0             0           0           0          25.48
15     0             0           0           0          25.48
16     0             0           0           0          25.48
17     0             0           0           0           0
18     0             0           0           0           0
19     0             0           0           0           0
20     0             0           0           0           0
21     0             0           0           0           0
22     0             0           0           0           0
23     0             0           0           0           0
24     0             0           0           0           0
25     0             0           0           0           0
26     0             0           0           0           0
27     0             0           0           0           0
28     0             0           0           0           0
29     0             0           0           0           0
30     0             0           0           0           0
31     0             0           0           0           0
32     0             0           0           0           0
33     0             0           0           0           0
34     0             0           0           0           1.92
35     0             0           0           0           1.92
36     0             0           0           1.94667     1.92
37     0             0           1.97333     1.94667     1.94595
38     0             0           1.97333     1.97297     1.97261
39     0             2           2           1.99964     1.99928
40     0.0273874     2.02703     2           1.99964     1.99964
41     2.05405       2.02703     2.02667     2.02667     0.0266667
42     2.05405       2.05369     2.05369     2.05369     0
43     2.05441       2.05441     2.02667     0           0
44     2.08144       2.05333     0           0           0
45     2.08          2.08        0           0           0
46     2.08          0           0           0          12.48
47   200.85        103.16      103.45       62.7        97.05
48   211.55        269.06      330.41      292.92      293.21
49   372.88        364.83      328.32      363.18      386.99
50   281.87        357.02      377.61      425         425.12
51   217.88        255.76      292.19      369.3       346.01
52   161.1         220.68      264.18      263.59      286.3
53   353.83        191.98      191.29      193.92      395.89
54   298.33        260.15      155.57      324.9       315.45
55   274.18        275.2       431.25      266.36      248.04
56   397.6         382.26      273.45      356.38      311.9
57   351.11        356.71      371.05      326.42      404.91
58   252.95        357.57      373.05      374.14      294.39
59   310.56        305.84      262.97      342.87      277.03
60   361.4         220.16      198.48      252.44      279
61   273.25        211.05      260.26      208.14      163.48
62   214.97        240.97      175.7       155.34      155.76
63   203.26        190.23      163.76      123.14      156.78
64   202.62        226.83      210.47      110.36      156.78
65   153.46        228.08      211.71      111.6       124.2
66   230.15        174.09      174.09      212.96       38.22
67   175.55        173.45      173.45      174.1        38.22
68   146.12        174.92      174.92       99.48      138.77
69   146.94        176.39      175.75       99.49       99.49
70   146.94         76.26       99.49       99.49       99.49
71   148.52         77.08      100.14       99.5        99.5
72   148.52         72.96        0          99.5        98.86
73   150.1          72.96        0         100.15       99.51
74   191.085        72.96        0          62.4       100.16
75   111.635        72.96        0           0          62.4
76   112.395        73.72       74.48        0          63.05
77   111.665       111.665      74.48        0           0
78   111.696       111.696      74.48        0           0
79   112.456       112.456      75.24       76           0
80   112.456       112.456      75.24       76           0

:        34            35            36            37            38         :=
1      0             0             0             0             0
2      0             0             0             0             0
3      0             0             0             0             0
4      0             0             0             0             0
5      0             0             0             0             0
6      0             0             0             0             0
7      0             0             0             0             0
8     26.6           0             0             0             0
9     26.32          0             0             0             0
10    26.32          0             0             0             0
11    26.04          0             0             0             0
12    26.04         26.04          0             0             0
13    25.76         25.76          0             0             0
14    25.48         25.48          0             0             0
15    25.48         25.48         25.48          0             0
16    25.2          25.2          25.2           0             0
17    24.92         24.92         24.92          0             0
18    24.92         24.92         24.92          0             0
19    24.92         24.64         24.64         24.64          0
20    24.92         24.64         24.64         24.64          0
21     0            24.36         24.36         24.36          0
22     0            24.08         24.08         24.08          0
23     0            24.08         24.08         24.08         24.08
24     0            24.08         23.8          23.8          23.8
25     0             0            23.52         23.52         23.52
26     0             0            23.52         23.52         25.3067
27     0             0            23.52         23.24         25.0267
28     0             0            23.52         24.7733       24.7467
29     0             0             1.84         24.7733       24.7733
30     0             0             1.84         24.7733       24.4933
31     0             1.86667       1.84         24.8          24.52
32     1.89333       1.86667       1.84          1.84         24.24
33     1.89333       1.86667       1.86667       1.86667      22.1445
34     1.89333       1.89333       1.89333       0.0248649    22.1445
35     1.89333       1.89333       1.91856       0.0248649    22.1445
36     1.94595       1.94559       0.0252252     0.0248649     0.0248649
37     1.94595       1.94559       0.0252252     0.0252252     0.0252252
38     1.97261       0.0255856     0.0255856     0.0255856     0
39     0.0259459     0.0259459     0             0             0
40     0.0263063     0             0             0             0
41     0             0             0             0             0
42     0             0             0             0             0
43     0             0             0             0             0
44     0             0             0            65.6         128.24
45     0             0            64.8         139.84        262.13
46    75.68         75.68        137.76        196.23        309.37
47    97.5         212.66        213.15        302.87        426.99
48   313.32        272.29        328.02        516.84        467.5
49   389.22        430.68        490.34        575.48        588.02
50   453.97        409.61        554.98        515.78        514.27
51   402.6         482.32        494.6         457.56        401.5
52   414.81        420.24        419.24        536.23        342.42
53   354.34        420.43        355.11        299.73        219.78
54   355.11        381.3         302.67        221.23         73.01
55   317.94        317.94        217.76        142.38         73.01
56   319.06        150.66        100.57         24.8          58.43
57   216.35        152.29        101.29         31.9          25.11
58   238.38        166.38        102.32         31.8          32.11
59   179.58        186.68         71.78         32.32         32.32
60   213.84        180.4         117.43         72.5          73.22
61   228.26        143.7         110.43        118.7         119.97
62   164.03        157.85        111.25        111.8         119.97
63    46.42         92.62         80.4         113.44        113.99
64    84.46         46.24         46.62         81.88        114.54
65    84.84         84.84         46.62         47            82.43
66    50.64         85.04         46.82         46.82         34.58
67    38.22         50.46         85.88         46.82         46.82
68    38.64         50.88         51.3          86.08         47.02
69    39.06         39.06         51.3          51.12         47.22
70   100.14         39.06         39.06         51.12         86.7
71    99.5          39.48         39.48         39.48         51.36
72    98.86         37.76         39.48         39.48         51.36
73    99.51        100.16         77.66         39.9          39.9
74    99.52         99.52         37.12         40.32         40.32
75    99.52         98.88         99.53         36.48         40.32
76   100.17         99.53         99.53         36.48         40.74
77    63.05         99.53         98.89        100.19         35.84
78    63.7         100.18         99.54        100.19         35.84
79     0            64.35        100.19         99.55        100.2
80     0            64.35        100.19         99.55        100.2

:       39         40           41            42            43         :=
1      0          0           0             0             0
2      0          0           0             0             0
3      0          0           0             0             0
4      0          0           0             0             0
5      0          0           0             0             0
6      0          0           0             0             0
7      0          0           0             0             0
8      0          0           0             0             0
9      0          0           0             0             0
10     0          0           0             0             0
11     0          0           0             0             0
12     0          0           0             0             0
13     0          0           0             0             0
14     0          0           0             0             0
15     0          0           0             0             0
16     0          0           0             0             0
17     0          0           0             0             0
18     0          0           0             0             1.65333
19     0          0           0             1.65333       1.65333
20     0          0           0             1.65333       1.65333
21     0          0           1.70667       1.65333       1.65333
22     0          0           1.70667       1.68          1.68
23     0          1.73333     1.70667       1.70667       1.70667
24     1.76       1.73333     1.70667       1.70667       1.70667
25     1.76       1.73333     1.73333       1.73333       0
26     1.76       1.76        1.76          0             0
27    25          1.76        1.76          0             0
28    24.7467     1.78667     0             0             0
29    24.7733     1.81333     0             0             0
30    24.4933    22.68        0             0.0234234     0.0230631
31    22.68      22.68        0.0237838     0.0234234     0.0230631
32    22.4       22.4241      0.0237838     0.0234234     0.0230631
33    22.1445    22.1441      0.0237838     0.0237838     0.0237838
34    22.1445    22.1441     22.1441        0.0241441    59.04
35    21.8645    21.8645     21.8645        0            59.04
36    21.8649    21.84       21.84         59.86         59.04
37    21.56      21.56       21.56         59.86         59.04
38    21.56      21.28       21.28         81.14        165.32
39    21.56      21.28       82.78        142.31        230.23
40     0         21         142.14        251           228.8
41     0         83.04      251.54        320.34        309.66
42     0        272.53      318.13        328.91        331
43   251.94     317.82      327.26        328.63        282.32
44   297.22     309.84      341.84        361.41        176.68
45   308.91     320.69      361.56        198.57        191.9
46   351.93     421.82      372.38        274.33        270.98
47   442.42     379.08      329.41        285.65        271.63
48   436.74     409.59      294.07        300.64        280.59
49   470.94     412.38      254.41        203.52        142.85
50   425.62     298.4       218.82        202.3          43.64
51   279.54     193.34      149.62        117.42        137.44
52   195        116.54      116.98        117.42        136.9
53    73.99      76.36      118.94        118.4         136.9
54    73.5       73.5        40.67         41.16         53.6
55    73.5       73.01       73.5          73.99         41.65
56    73.99      73.5        73.01         73.01         73.5
57    58.74      58.25       73.99         73.5          73.01
58    25.42      25.42       58.07         31.85         73.99
59    32.32      25.42       25.73         26.04         57.71
60    32.53      32.53       25.73         26.04         26.35
61    74.04      32.84       32.84         26.04         26.35
62   121.34      73.94        6.7          33.36         26.66
63   121.34     121.79       74.66         75.48         33.57
64   114.54     121.79      123.06         75.38         76.2
65   115.91     115.91      123.06        123.78         76.1
66    83.36      48.4       118.1         124.6         125.05
67    34.96      83.74       48.4         118.92        125.87
68    47.02      35.34       48.95         48.95        120.29
69    47.22      47.22       35.72         49.5          49.5
70    47.22      47.22       35.72         35.72         50.05
71    47.42      47.42       47.42         35.72         36.1
72    52.02      47.24       47.24         47.24         36.1
73    52.02      51.84       47.62         47.62         36.1
74    40.32      51.84       11.34         47.82         47.82
75    40.32      51.84       52.08         11.16         47.64
76    40.74      40.74       52.08         52.32         48.02
77    40.74      40.74       40.74         52.32         10.98
78     0         41.16       41.16         41.16         52.56
79    35.2       41.58       41.58         41.58         52.56
80    35.2        0          41.58         41.58         41.58

:        44            45           46          47          48          49   :=
1      0             0             0           0           0           0
2      0             0             0           0           0           0
3      0             0             0           0           0           0
4      0             0             0           0           0           0
5      0             0             0           0           0           0
6      0             0             0           0           0           0
7      0             0             0           0           0           0
8      0             0             0           0           0           1.49333
9      0             0             0           0           0           1.49333
10     0             0             0           0           1.52        1.49333
11     0             0             0           1.52        1.52        1.49333
12     0             0             0           1.52        1.52        1.52
13     0             0             1.57333     1.52        1.52        1.52
14     0             1.57333       1.57333     1.54667     1.54667     1.54667
15     0             1.57333       1.57333     1.57333     1.57333     0
16     1.62667       1.57333       1.57333     1.57333     0           0
17     1.62667       1.6           1.6         1.6         0           0
18     1.62667       1.62667       1.62667     0           0           0
19     1.62667       1.62667       1.62667     0           0           0
20     1.65333       1.65333       0           0           0          51.66
21     1.65333       0             0           0           0          51.66
22     1.68          0             0           0           0          51.66
23     0             0             0           0          53.3        52.48
24     0             0             0           0          53.3        52.48
25     0             0             0          54.12       53.3        53.3213
26     0             0             0          54.142      54.1416     54.1413
27     0             0            55.7823     54.142      54.1416     54.1413
28     0             0.0223423    55.7823     54.962      54.9616     95.7616
29     0.0227027    56.6023       55.7823     55.7823     55.7823    105.41
30     0.0227027    56.6023       55.7823     55.7823    161.77      105.41
31     0.0227027    56.6027       56.6027     56.58      105.3       105.3
32    58.2431       56.6031       56.58      162.37      104.59      104.59
33    58.22         57.4         163.19      163.19      105.19      172.87
34    58.22         58.22        163.3       105.08      172.04      182.83
35    58.22        163.9         163.3       172.04      182.12       77.04
36   164.61        164.01        171.21      182.14      182          77.04
37   163.9         228.82        180.14      181.42      149.12      149.84
38   230.24        170.38        180.74      147.74      148.46       98.86
39   230.23        251.16        251.74      146.28       98.46       88.64
40   310.55        251.16        146.28       97.92       98.46       88.64
41   248.87        189.9          98.32       98.06      127.14      136.72
42   189.12         97.92        112.7       125.98      153.24      179.11
43   111.04        111.84        185.88      184.03      181.7       161.95
44   169.49        186.62        186.14      184.29      164.92      209.45
45   256.99        233.74        233.26      213.87      198.56      102.32
46   256.97        220.08        202.14      201.38       45.6        44.84
47   252.22        231.87        102.88       71.88       71.41       71.7
48   190.08        128.15         49.08       48.7        48.61       48.52
49    68.2          68.11         49.08       48.7        48.61       48.52
50    43.26         42.88         23.56       23.18       22.8        22.42
51   138.42        104.3          86.24       86.24        0           0
52   137.34        137.78        119.72      119.72      120.7        88.2
53   137.06        137.5         138.48      119.18      119.62      120.06
54    52.5          51.96        139.18      120.16      119.62      120.06
55    60.62         18.48         18.48       32.94       32.4        31.86
56    92.47         60.83         61.32       61.32        0           0
57    91.98         91.91         61.04       61.04       43.61       44.1
58    73.5          90.93         91.42       91.42       43.61       44.1
59    30.87         48.02         91.63       91.63       73.99       44.1
60    57.53         48.02         47.74       47.25       91.35       73.99
61    26.66         44.61         75.02       47.25       46.76       28.91
62    26.66         26.97         44.36       74.25       74.07       28.91
63    26.97         26.97         44.36       44.36       44.67       56.81
64     6.5          27.28         44.36       44.08       44.39       44.7
65    76.92          6.4          17.08       44.42       44.42       44.42
66    76.82         77.64          6.3        16.52       44.73       44.73
67   126.32         77.54         78.36       94.6        16.24       16.24
68   127.14        127.59         78.36       94.6        95.14       15.96
69   121.66        128.41        128.96       94.5        95.04       95.86
70    50.05         50.05        129.78      130.23       94.66       95.48
71    50.6          50.6          50.6       131.05      146.63       95.38
72    36.48         51.15         51.15       51.15      147.45      147.62
73    36.48         36.48         51.15       51.15       51.15      148.16
74    36.48         36.48          0          51.7        51.7        66.82
75    47.64         36.48         36.86        0          52.25       67.37
76    48.02         48.02         36.86       37.24        0          67.92
77    47.84         47.84         36.86       37.24       37.62        0
78    10.98         48.22         48.22       37.24       37.62       37.62
79    52.98         10.8          48.42       48.42       37.62       37.62
80    52.98         10.8          10.8        48.42       37.62       37.62

:       50          51           52           53          54          55     :=
1      0           0           0             1.36        1.36        1.36
2      0           0           0             1.36        1.36        1.36
3      0           0           1.41333       1.36        1.36        1.36
4      0           0           1.41333       1.38667     1.38667     1.38667
5      0           1.44        1.41333       1.41333     1.41333     0
6      1.44        1.44        1.41333       1.41333     1.41333     0
7      1.44        1.44        1.44          1.44        0          45.1
8      1.44        1.44        1.44          0           0          45.1
9      1.46667     1.46667     1.46667       0          45.92       45.1
10     1.49333     1.49333     0             0          45.92       45.92
11     1.49333     1.49333     0            46.74       45.92       45.92
12     1.52        0           0            46.74       46.74       46.74
13     0           0           0            46.74       46.74       46.74
14     0           0          48.38         47.56       47.56       47.56
15     0           0          48.38         48.38       48.38       48.38
16     0          50.02       48.38         48.38       48.38        0
17     0          50.02       49.2          49.2        49.2         0
18    50.84       50.02       50.02         50.02        0           0
19    50.84       50.02       50.02         50.02        0          37.2
20    50.84       50.84       50.84          0           0         106.089
21    50.84       50.84       50.84          0         106.58      105.379
22    51.66       51.66        0            38.4202    106.58      105.979
23    52.48       52.5005      0.0205405   105.87      105.87      105.87
24    52.5009     52.5005    106.361       105.16      105.16      105.87
25    53.3209     39.6205    106.361       105.761     105.761     106.45
26    54.1409    105.651     105.651       105.63      106.34        0
27   106.851     105.651     105.63        105.63       66.74       79.36
28   106.142     105.52      105.52        106.23       79.36       79.36
29   105.41      105.41      106.12         78.78       78.64       78.64
30   105.41      105.41      144.1          78.78       78.64       78.64
31   105.3       184.21       78.06         78.06       78.78       78.78
32   172.98       77.48       77.34         78.06       78.78       15.34
33   183.52       77.48       77.48         78.2        15.6        92.94
34    76.9        77.62       77.62        101.8        91.6        91.34
35    76.9        77.62      101.26         91.06       90.8        91.6
36   151.44      100.6        90.52         90.26       91.06      152.98
37    99.26       89.72       90.52        127         153.56       61.12
38    89.18       89.72      127           153.88      111.74      109.72
39    89.18      154.46      131.52        113.76      111.74      110.84
40    82.24      132.42      115.14        128.96      153.91      116.06
41   149.58      157.45      157.45        156.08      118.65       90.98
42   159.62      158.41      158.57         92.5        40.89       40.58
43   160.74      160.43       93.87         41.2        83.16       67.36
44   168.7        85.3        70.58         42.56       41.8        41.04
45    72.28       43.32       43.32         42.56       41.8        41.04
46    44.08       43.32       43.32         42.56       42.56       42.56
47    71.99       26.68       26.97         26.97       27.26       27.55
48    48.43       48.34       48.63         48.25       48.16       48.07
49    48.43       48.34       48.63         48.25       48.16       48.07
50    22.04       21.66       21.66         21.28       20.9        20.52
51     0           0           0             0           0           0
52    89.18       90.16        0             0           0           0
53   121.04      122.02       91.14         91.14       92.12       93.1
54   120.5       120.94      121.92        121.92      122.9        93.1
55   122.46      121.92      121.92        121.38      121.82      122.26
56    31.32       30.78       30.78         30.24       29.7       124.22
57     0           0           0            30.24       29.7        29.16
58    44.59       45.08        0             0           0           0
59    44.59       45.08       45.57         45.57       46.06        0
60    73.99       45.08       45.57         45.57       46.06       46.55
61    73.99       73.99       73.99         45.57       46.06       46.55
62    28.42       27.93       27.93         74.48       46.55       46.55
63    28.42       27.93       27.93         27.44       27.44       74.97
64    28.21       56.45       27.93         27.44       26.95       26.46
65    28.21       28.52       56.76         27.44       26.95       26.46
66    28.21       28.52       28.83         28.83       56.09       26.46
67    28.83       28.83       28.83         28.83       29.14       29.45
68    15.96       28.83       28.83         28.83       29.14       29.45
69    15.96        0           0            29.45       29.45       29.45
70    96.3         0           0             0           0          30.07
71    96.2        97.02       76.26          0           0           0
72    95.82       96.64       82.06         76.26        0           0
73   148.61       96.26       81.96         81.96       77.08        0
74    73.17      149.88       81.96         81.96       82.78       77.9
75    67.09       73.34      150.97         82.68       82.68       83.5
76    67.64       67.64       73.89        136.85       83.4        83.4
77    67.91       67.91       67.91         58.95      138.12       84.12
78    14.28       67.63       67.63         53.35       59.4        59.85
79    52.28       14.28       68.18         68.18       53.9        59.85
80    52.28       14.28       14.28         68.73       54.45       54.45

:      56        57          58            59            60         :=
1      1.36      0        41.82         41.82         41.82
2      1.36     42.64     41.82         41.82         41.82
3      0        42.64     41.82         41.82         41.82
4     43.46     42.64     42.64         42.64          0
5     43.46     43.46     43.46         43.46          0
6     43.46     43.46     43.46          0             0
7     44.28     44.28     44.28          0             0
8     44.28     44.28     44.28          0             0
9     45.1      45.1       0             0             0
10    45.92     45.92      0             0             0
11    45.92      0         0             0             0
12    46.74      0         0             0             0
13     0         0         0            35.4          35.4
14     0         0        35.4          35.4          35.4
15     0         0        35.4         106.4         106.4
16     0        36.6     105.69        105.69        105.69
17    36.6     106.89    106.29        106.308       106.308
18   106.18    106.18    106.199       106.908        70.3084
19   105.47    105.489   105.489        70.3084        0.0183784
20   106.089   106.089   106.089         0.0187387     0.0187387
21   105.379   106.089    68.8891        0.0190991     0
22   105.979   106.689     0.0190991     8.96          8.96
23   106.58      0         9.1          80.96         80.96
24    68.16      9.24     80.38         80.24         80.24
25     9.24     80.52     80.38         80.38         80.38
26    79.8      79.8      79.8          80.52         71.28
27    79.08     79.08     79.8          71.28          0
28    79.22     79.22     79.94         14.56         14.56
29    79.36     79.36     14.82         14.56         14.56
30    79.36     14.82     14.82         14.56         14.56
31    15.08     14.82     94.02         94.02         94.02
32    92.68     92.42     92.42         93.22         79.2
33    92.68     92.68    126.6         136.16        136.96
34    92.14    126.86    136.48        136.16         57.76
35   126.96    136.96     58.88        103.66        103.66
36   136.8     107.06    105.68        104.78         70.86
37   107.7     107.7     106.8          71.34         45.9
38   108.34    108.34     72.24         70.77         70.77
39   150.37     88.13     87.66         39.65         39.81
40    88.87     89.03     39.96         39.65         39.81
41    40.27     40.43     39.96         40.12         40.28
42    40.74     40.9       0            38.76         38.76
43    40.28     40.28     39.52         38.76         38.76
44    40.28     40.28     39.52         38.76         38.76
45    40.28     40.28     39.52         39.52         39.52
46     0         0         0             0             0
47    27.84     28.13     28.13         28.42         28.71
48    47.98     48.27     47.89         47.8          48.09
49    47.98     48.27     47.89         47.8          48.09
50    20.14     20.14     19.76         19.38         19.38
51     0         0         0             0             0
52     0         0         0             0             0
53    94.08      0         0             0             0
54    94.08     95.06     95.06         96.04         97.02
55   123.24    124.22     95.06         96.04         97.02
56   123.68    123.68    123.14        123.58        124.56
57    28.62     28.62     28.08        125.54        125.54
58    28.62     28.62     28.08         27.54         27.54
59     0         0         0             0             0
60    47.04      0         0             0             0
61    47.04     47.53     47.53          0             0
62    47.04     47.53     47.53         48.02         48.51
63    47.53     47.53     47.53         48.02         48.51
64    26.46     74.48     48.02         48.02         48.51
65    25.97     25.97     25.97         49            49
66    25.97     25.97     25.48         25.48         25.48
67    55.73     25.97     25.48         24.99         24.99
68    29.76     56.04     25.48         24.99         24.99
69    29.76     30.07     30.07         55.37         24.99
70    30.07     30.07     30.07         30.38         30.69
71    30.07     30.07     30.07         30.38         30.69
72     0         0        30.69         30.69         30.69
73     0         0         0            31            31
74     0         0         0             0             0
75    78.72     79.54      0             0             0
76    84.22     79.54     79.54          0             0
77    84.12     84.94     79.54         80.36          0
78    84.84     84.84     84.84         80.36         81.18
79    60.3      85.66     85.66         85.66         81.18
80    60.3       5.3      86.48         86.48         81.18
;

