sum{b in BEAMS} Int[b]*beam[b,i,j] [*,*] (tr)
:         1              2              3              4              5      :=
1    49.8           49.8           30              0              0
2    49.8           49.8           30             10.4            0
3    49.6           49.4           49.4           30              0
4    39.2           49.2           49.2           29.8           10.6
5    19.4           49.4           49.4           49.4           10.6
6    19.4           38.6           49             49             29.8
7    20             58.6           49.2           49.2           30
8    19.8           39             49             48.8           48.8
9    19.8           39             57.8           48.6           48.6
10   19.6           19.6           38.4           48.8           48.8
11   19.6           19.4           38.2           56.8           48.4
12   19.6           19.4           19.4           56.8           48.6
13   11.8           31.2           19.2           37.8           56
14   11.8003        31.2003        31             37.8           55.8
15   32.6777        32.6688        31.8688        19.8688        55.6
16   32.4777        32.4688        31.86          31.86          37.86
17   32.6777        32.6688        32.66          31.86          31.8511
18   19.8           31.8           32.66          51.46          31.6511
19   19.8           19.4           31.6           31.6003        31.6511
20    0             19.4           31.8           31.8           50.4
21    0             19.4           19.4           31.6           31.6
22   12.8           12.8           19.4           31.8           31.8
23   32.6           32.6           32.8           19.2           31.8
24   32.6           32.4           32.6           52             19
25   32.8784        32.6784        32.48          32.6815        51.6
26    0.0784357     32.8784        32.68          32.6815        32.6815
27   11.0784        11.0784        32.68          32.6815        32.4815
28   11             11             24.6815        32.8815        32.6815
29   11             11             11.2           25             32.8
30   11.2           11.2           11.2           11.4           25
31   19.8           31.2           31.2           11.4           11.4
32   30             29.8           30.8           30.8           30.8
33   30.3794        30.1794        30.1868        41.9942        31.3942
34   20.7794        40.3794        40.5868        30.3942        41.9942
35   20.9794        20.9794        21.1868        40.9942        30.1942
36   10.2           10.2           21             21.2           40.4
37   10.2           20.8           21             21.4           22.2826
38   11.1092        11.1001        21.891         22.0913        33.0822
39   30.909         30.6999        30.691         30.8913        41.8822
40   20.709         31.0999        30.891         30.8913        30.6913
41   20.718         20.518         19.4           30.6661        30.4661
42   10.6488        10.6488        10.8488        30.4575        30.2575
43   10.6402        10.6402        10.8488        11.0575        11.0575
44   10.6402        10.6402        10.8488        11.058         11.058
45    0.440207       0.44072        0.000508185    0.000508185   11.0005
46    0.000518663    0.000513424    0.000508185    0.000508185    0.000502946
47   19.8005        19.6005        19.4005        19.4005        19.2005
48   30.0005        29.8005        29.8005        30             29.8
49   30.0005        29.8005        29.8           30             29.8
50   10.2           10.2           10.4           10.6           10.6106
51    0              0              0              0.0107341      0.0106234
52    0              0              0.0107341      0.0107341      0.0106234
53    0              0.0108447      0.0107341      0.0107341     19.2107
54   19.811         19.6108        19.4107        19.4107        19.2107
55   19.811         19.6108        19.4108        30.2108        30
56   30.211         30.011         29.811         30             30
57   30.2111        30.2111        10.4           10.6           10.6
58   10.2           10.2           10.4           10.6           10.6
59   10.2           10.2            0              0.034955       1.0095
60    0              0              0.034955       0.994384      20.194
61    0              0.0353153     19.435         20.3944        20.194
62   19.8357        19.6353        20.3789        20.3789        20.1789
63   19.8357        19.6353        20.3793        20.3793        20.344
64   19.8357        20.5642        20.5642        20.5285         0.943954
65   20.949         20.949          0.913005      11.7285        11.744
66    0.913005      11.513         11.513         11.5285        10.6
67   11.2975        11.2975        11.313         10.6           10.6
68   11.0821        11.0821        11.313         30             29.8
69   11.0821        30.6821        29.8           19.4           19.2
70   30.8821        30.6821        19.4           19.4           19.2
71   19.8           19.6           19.4           19.4           19.4
72   19.8           19.8           19.8            0              0.815504
73   20             20              0              0.815504       0.815504
74    0              0              0.823999       0.815504       0.815504
75    0              0              0.823999      20.2155        39.4155
76    0              0.832493      20.224         39.624         39.424
77    0.840988      20.4325        39.824         39.624         52.624
78   20.641         40.2325        39.8325        52.8325        52
79   40.641         40.241         53.041         52.2           32.6
80   40.641         40.441         52.6           32.8           13

:         6              7             8           9          10       :=
1    19.8           19.8           30           10.2       10.2
2    19.8           19.8           30           10.2       10.2
3    19.6           19.6           19.6         10.2       10.2
4    19.6           19.4           19.4         29.8       10.4
5    19.6           19.4           19.4         30         10.6
6     0             19.2           19.2         29.8       10.6
7    11             19.2           19.2         19.2       30
8    30             19.2           19           19         29.8
9    29.8           11.2           18.8         18.8       29.8
10   48.8           11.2           18.8         18.8       30
11   48.4           29.8           30.2         18.6       18.6
12   48.6           30             30.2         18.6       18.6
13   48.2           48.2           11.4         18.4       18.4
14   48             48             29.8         30.2       18.2
15   67.2           48.2           48.2         30.2       18.2
16   55.8597        47.8           47.8         29.8       30.2
17   55.6422        67.2422        48.4419      29.8       30
18   37.2422        55.0334        48.6245      48.6245    30.8242
19   49.6422        54.8334        66.8245      48.2245    48.4157
20   30.8003        54.6334        54.4245      48.4245    48.4157
21   50             48.6           53.2003      66.2245    48.0157
22   50.2           31             65.8         52.6       47.0003
23   31.8           50             48           52.4       65.2
24   31.6           49.8           66.6         65.2       64.6
25   31.8           31.8           49.6         84         64.6
26   38.283         31.8846        49.6861      66.4877    64.4
27   32.883         37.8846        31.8861      49.4877    82.8877
28   32.683         51.2846        51.0861      49.4877    82.6877
29   32.6           32.4           51.2877      50.6877    65.8877
30   32.6           32.4           32.4         50.6       67.8
31   25.4           32.6           32.4         50.6       64.6
32   11.6           25.6           32.824       32.824     51.024
33   31.4017        12.2091        26.4165      33.024     32.824
34   31.2017        31.2091        45.6165      26.824     33.024
35   42.2017        31.2091        31.0165      45.424     45.2
36   40.6           42             30.8         31.6561    46.247
37   22.4736        41.6645        54.2557      43.2559    31.6468
38   22.6734        22.8645        23.2557      54.6559    43.5561
39   33.8734        34.0645        23.7477      24.1479    55.1479
40   31.1749        41.8834        53.4834      34.692     34.692
41   30.2661        30.2747        41.6834      53.492     53.4925
42   41.4661        30.4747        30.2839      30.4925    53.4005
43   11.2666        30.2752        29.8005      41.6005    41.4005
44   10.8005        11.0005        11.2005      11.4005    29.8005
45   11.0005        11.0005        11.2005      11.4005    11.4
46    0.000502946    0.000502946    0           11.6       11.6102
47   19             18.8           18.6103      18.6103    18.4102
48   29.8           29.8104        29.8103      30.0103    29.8102
49   29.8105        29.8104        29.8103      30.0103    29.8103
50   10.8105        11.0104        11.2104      11.4104    11.4
51    0.0105127      0.0105127      0.0105127    0          1.05228
52    0.0106234      0.0106234      0            1.05228   19.4523
53   19.0107        18.8           18.6         19.6368    31.2368
54   19             30.2           31.0213      31.0213    30.8213
55   29.8           29.8           30.8213      31.0213    31.0545
56   30.2           12.0059        12.2394      12.4394    12.4545
57   11.7904        12.0243        12.2239       1.03937    1.05448
58    1.02461        1.02425        1.02389      1.03937   18.4335
59    1.00914        1.00878       19.6243      18.6339    18.4
60   19.9937        19.8091        19.6246      18.6       18.4
61   19.994         19.8095        18.6         18.6       30.4
62   19.9594        18.8           18.8         30.4       11.6
63   20.3594        11.4           11.4         11.4       29.4
64   11.2           11.2           11.2         11.4       29.4
65   10.8           11             11.2         30         48.573
66   10.8           29.8           29.8         37         37.373
67   29.8           29.8           18.6         37.79      37.373
68   19             18.8           19.39        37.79      37.7815
69   19             19.7985        38.59        19.39      19.39
70   19.9985        19.9985        19.59        19.39      19.39
71    0.798514       0.798514      19.5985      19.5985    58.8287
72    0.798514       0.798514      38.1985      56         72.6054
73    0.807009      38.807         57.207       71.7445    72.7821
74   19.8155        57.8155        70.2         71.7445    73.0003
75   39.0155        70.6           72.1627      73.3771    54.7771
76   71.2           72.5808        72.5627      74.3952    35.9952
77   71.2           72.7808        73.3627      55.372     22.372
78   53.999         54.3808        54.3808      22.3669    20.586
79   54.799         54.599         42.3851      22.5851    20.786
80   54.799         41.399         42.5851      20.986      1.18605

:        11          12         13          14          15           16      :=
1    10.2         20.3317     20.3317     20.3317     0            0
2    10.2         20.3317     20.3317     20.3317     0.540396     0
3    10.2         20.1317     20.1317     20.1317     0.540396     0.540396
4    10.4         19.4        19.9404     19.9404     0.540396     0.540396
5    10.6         30.2        19.4        19.9404     0.540396     0.540396
6    10.6         30          19.2        19.2        0.549112     0.549112
7    10.8         30          19.2        19.2       19.7578       0.557828
8    10.8         30          19          19         19            0.557828
9    11           11          30          18.8       18.8          0
10   11.2         11.2        30          18.8       18.8          0
11   29.8         11.2        29.8        18.6       18.6          0
12   30           11.4        30          30.2       18.6          0
13   29.8         11.4        30          30         18.4         18.4
14   18.2         29.8        30.2        29.8       18.2         18.2
15   18.2         30          11.8        30         18.2         18.2
16   18           29.8        11.8        29.8       30.2         18
17   17.8         29.8        12          29.8       30           17.8
18   30.2         17.8        30          30         30           17.8
19   30.8157      18.4153     29.8        30         29.8         17.6
20   30.8068      30.998      30.798      30.9976    30           30.2
21   48.2068      30.798      30.5891     30.5802    30.5802      30.7799
22   48.2068      30.598      17.9891     30.5802    30.5802      30.5714
23   47.2         30.0004     30.9891     30.7802    30.7802      30.7714
24   46.8         46.8        30          29.8004    29.8004      30.5714
25   64.4         63.6        29.8        43         46.8004      29.8004
26   64.4         63.8        30          30         47           30
27   64.4892      64.0907     46.4923     29.8       43.4         29.8
28   82.2892      77.2907     62.8923     29.8938    43.4954      46.2954
29   81.8892      63.6907     80.2923     46.4938    30.0954      60.2954
30   81.8         81.4938     77.0938     62.2938    29.8954      59.8954
31   84           81.2        81.2        79.4       30           60.0984
32   67.6314      99.4389     80.8463     93.4537    46.2612      60.2612
33   64.6314      99.4389     98.8463    111.054     92.8612      30.2612
34   50.6314      97.6389     98.4463     98.4537   110.461       46.2754
35   32.4         50.2135    113.02       98.0114   128.012      110.755
36   46.238       33.2291     97.4203    112.947    114.147      128.338
37   45.838       46.5556     51.7468    112.738    112.347      127.338
38   31.9472      46.5384     46.7472    116.343    111.336      111.536
39   54.5006      31.1093     45.9179     61.327    129.136      143.4
40   36.5006      54.9097     45.9184     45.4005    92.2005     142.81
41   53.9011      48.4005     54.8005     70.0005    76.2102     124.555
42   53.4005      53.4005     67.0005     67.6102    88.6102      89.1548
43   53.8005      53.8005     53.8103     67.6097    69.3394     129.539
44   41.8005      41.81       66.6098     67.9239    81.9239      99.7239
45   11.6101      11.81       24.4098     55.724     68.524       97.5142
46   11.6101      11.81       13.1087     13.3087    41.8987      67.3142
47   18.2101      19.1088     18.9088     31.0987    46.8987      46.7142
48   29.8102      30.8934     30.8832     30.8832    46.8987      45.6
49   30.878       30.8678     30.8678     47.0832    46           47.4047
50   12.6678      12.8678     13.0678     29.4832    28.6         46.636
51    1.05228      1.05228     1.06775    16.2       33.8317      51.6127
52   19.2523      19.0523     18.8678     46.4317    46.4317      64.2127
53   31.0368      30.8847     46.6321     46.2317    47.9899      64.1899
54   30.8696      29.8324     46.6321     46.4317    48.1666      64.7666
55   31.2696      11.8324     28.8321     29.0321    30.767       18.3349
56   11.6328      17.2328     16.8328     18.3116    53.1116      35.7116
57    0.0331532   17.2332     34.8        36.0884    53.2884      36.6189
58   18.2335      35.2        35          36.2884    48.8884      49.4189
59   35.8         35.2        35          48.6651    49.4127      49.3957
60   35.8         47.6        49.0419     49.7894    31.9894      32.0042
61   48           29.4        31.7979     14.3894    32.1894      49.6127
62   29.2         29.4        31.7746     49.7661    49.7661      49.5648
63   29.4         48.3645     49.7746     37.5746    39.2101      49.0173
64   48.373       37.9599     37.7514     37.5514    39.2101      49.0173
65   36.973       38.1366     19.9366     39.5903    38.8541      31.4355
66   37.173       38.5451     22.0169     21.2257    19.8536      63.6536
67   37.373       38.7219      3.02065    21.2025    69.4536      80.8536
68   20.5071       3.79709    21.5974     71.2206    69.6718      79.2
69   20.7156      21.0156     71.6156     71.2388    69.69        98
70   39.8105      53.3923     71.5923     69.89      86.8         79.4
71   53.6105      53.2105     71.6105     89.1082    98.6         29.6
72   53.3872      53.1872     91.0105     69.8       48.4         29.6
73   53.5821      72.5821     70.2        37.6       48.4         48.6
74   73.2003      55.2003     38          38         48.8         30
75   35.9771      39.6558     38.2        38.2       49.2         29.8
76   22.1952      39.8558     38.6        39         30           30
77   20.6093      38.8        39.2        39         29.8         42
78   20.586       39.4        39.4        39.2       29.8         42
79    1.18605     39.6        39.6        39.6       42           22.2
80    1.18605     39.6        39.6        39.6       22.2         22.2

:        17          18         19         20         21         22        :=
1      0           19.8       19.8       30         10.2       10.2
2      0           19.8       19.8       30         10.2       10.2
3      0           19.6       19.6       29.8       10.2       10.2
4      0.549112    19.4       19.4       29.8       10.4       10.4
5      0.549112    19.4       19.4       30         10.6       10.6
6      0.549112    19.7578    19.2       29.8       10.6       10.6
7      0.557828    19.7578    19.7665    30         10.8       10.8
8      0.557828    19.5578    19.5665    30.3753    10.8       10.8
9      0.566544    19.3665    19.3665    30.3753    11         29.8
10     0           19.3753    19.3753    30.5753    11.784     30
11     0           19.1753    19.1753    30.3753    11.784     30.3927
12     0           18.6       19.184     30.584     11.984     30.5927
13     0           18.4       18.4       30.3927    11.9927    30.3927
14     0           18.2       18.2       29.8       12.1927    30.3927
15     0           18.2       18.2       30         12.4014    30.6014
16     0           18         18         29.8       11.8       42.6014
17     0           17.8       17.8       29.8       12         42
18     0           17.8       17.8       30         30         42.2
19    17.6         17.6       17.6       29.8       29.8       42
20    17.6         17.6       17.6       30         30         42.4
21    18.1799      17.4       17.4       29.8       42.6       42.2
22    17.9622      17.9622    17.9622    29.8       42.6       42.4
23    17.9625      17.9537    17.9444    30.7444    43.5444    55.8
24    30.9625      17.7537    17.7448    30.536     43.3267    56.3267
25    30.0004      34.3537    30.7448    30.536     43.5271    56.5271
26    30.0004      33.6004    30.0004    30.736     57.3271    57.1271
27    29.8         46.8       29.8004    60.0004    56.4004    45.6573
28    29.8969      46.4       29.8       59.8       56.6004    45.1074
29    30.0969      46.4984    30.1       73.9015    57.303     45.6116
30    29.8969      46.0984    29.9       73.5015    58.9868    45.3883
31    30.0984      46.2984    60.3       73.9015    59.5868    47.0417
32    60.4686      46.2761    60.2835    73.8909    59.8634    47.9044
33    60.2686      46.0761    88.4835    74.6929    61.9601    48.711
34    60.4828      62.0306    90.2292    77.865     79.0947    49.111
35    60.9462      76.9373    89.3371    92.5579    78.1581    19.976
36    75.9375      75.9373   121.545     93.1583    78.7671    19.374
37   127.738       75.5327   120.933    106.792     76.9917    18.6072
38   141.744      124.777    121.553    106.953     77.3685     1.80021
39   141.586      155.986    154.953    122.753     77.7682     1.79988
40   173.171      187.57     201.714    139.13      76.1535     0
41   157.755      202.355    218.891    154.93      93.3209     0
42   154.555      204.476    249.282    202.521    126.921     32
43   164.739      202.443    261.498    216.898    141.321     63.8
44   129.33       223.82     285.674    247.674    186.4       95.8
45   144.204      218.074    264.674    286.874    229.6      112.2
46   143.651      187.451    231.451    295.474    237.43     198.43
47    76.0512     159.451    246.251    277.03     266.83     195.83
48    63.0279     116.028    186.858    228.23     278.03     192.83
49    63.4356      89.6353   159.858    157.03     235.03     180.23
50    46.6356      44.4353   130.058    156.03     159.83     193.497
51    48.0124      61.412    130.831    127.631    145.697    145.697
52    47.8127      78.0127    73.4      128.505    114.897    117.405
53    61.1899      77.7814    73        128.305    114.297    103.005
54    43.9349      60.7814    43.7136   114.705     98.2315   101.613
55    48.7349      64.5221    60.7136    75.6582    98.24      85.04
56    49.2654      77.5221    73.5136    75.0582    97.64      83.5264
57    62.2654      77.5221    74.6848    75.2667    70.5446    82.7446
58    60.7306      62.5115    58.0933    44.7628    56.9628    69.1628
59    43.1306      44.9115    73.7628    47.9628    43.1628    67.2
60    61.9382      61.92      60.5809    47.9809    41.2       56.8
61    49.5467      48.5991    60.7991    48.1991    56.6       56.8
62    48.5991      48.3991    60.7991    62         56.2       60.2
63    49.0173      49.0173    59.0173    78.4       72.6       77.6
64    31.2173      46.2173    78.4       78         77.6       77.4
65    45.4355      78.8       78.4       95.6       77.6       62.4
66    62.6536      78.8       96.4       96.2       63.2       47.8
67    60.6         96.6       96.6       81.6       47.8       47.6
68    78.8         97.2       65.2       47.6       47.8       54.8
69    79.2         65.6       48.2       66.8       30         54.8
70    29.4         48         55.6       48.6       43         43
71    29.6         67.4       37.6       61.8       43         43
72    48.8         49         37.6       61.4       42.6       43
73    30           38         50.8       61.6       42.8       42.8
74    30           51         51         42.6       42.8       42.8
75    29.8         50.8       31.6       61.6       42.6       29.8
76    42.4         51.2       51.4       61.8       30         30
77    42           31.6       51.4       61.6       29.8       29.8
78    22.4         51.6       51.6       49.4       29.8       10.2
79    22.2         51.8       39.6       49.8       30         10.2
80    22.2         51.8       39.6       49.8       10.2       10.2

:         23             24             25             26             27     :=
1     19.8           22.1023        32.3023        32.5023         20.4
2     19.8           22.1023        32.3023        32.5023         20.4
3     19.6           21.9023        32.0791        12.4791         12.4791
4     19.4           32.3023        32.0558        12.6558         12.6558
5     19.4           30             32.2558        12.8558         12.8558
6     19.2           29.8           32.0558        12.8326         13.0326
7     19.2           30             30             13.0326         13.0326
8     19             29.8           29.8           13.0326         15.2186
9     18.8           29.8           30             22.2            15.3721
10    30.2           30             30.2           22.4            15.5721
11    30             29.8           11.2           22.4            15.5488
12    30.5927        30             23             13.5628         13.5628
13    30.3927        29.8           23             13.5395         13.5395
14    30.3927        30.4014        23.2           13.7163         13.7163
15    30.6014        30.6014        26.3264        13.9163         13.9163
16    30.4014        42.6014        26.3031        14.5119         13.893
17    30.4101        42.6101        26.6799        14.6886         14.0698
18    30             42.8188        14.8886        14.8886          2.69732
19    42.2           44.8654        14.8654        14.8654          2.69732
20    42.4           26.8465        15.0741        15.0741          2.69732
21    42.2           26.8233        14.4233         2.65081         0.627557
22    42.4           27.2           14.6            2               0.636273
23    44.8           14.8           14.8            2               1.97581
24    45.3035        14.7767        14.7767         2               1.31535
25    45.4713        15.6713         2.67134        1.29987         1.29987
26    45.8717        15.8629         3.95349        2               2
27    45.8485        15.8396         3.93842        1.97607         1.97566
28    45.5074         3.88529        3.92294        1.9606          1.97608
29    15.5074         3.1763         1.26933        1.9606          1.97608
30    16.8417         3.26654        1.36152        2               0.621884
31     3.24175        3.87938        1.97394        2               0.757413
32     4.3199         2.46842        2.51024        1.98176         2
33     4.90197        3.09631        1.9766         1.98371         2
34     4.91136        3.09673        1.86587        1.26025         1.26791
35     4.40555        0.749937       0.725585       0.725579        0.716727
36     1.97541        0.00938261     0.00938261     0.000419122     0
37     0.00950375     0.00950375     0              0               0
38     0.00907415     0              0              0               0
39     0              0              0              0               0
40     0              0              0              0               0
41     0              0              0              0               0
42     0              0              0              0               0.0281081
43    32.8            0              0.0284685      0.0281081       0.690705
44    32.8           32.8288         0.0284685      0.690705        2.10811
45    80.6292        48.4288        48.4285        18.1263          2.10811
46   139.429         75.6288        48.2999        49.527          33.48
47   213.029        135.909        107.354        107.307          93.5067
48   193.318        182.909        137.125        107.107         122.307
49   208.688        180.552        182.533        135.533         151.454
50   169.378        169.56         153.56         106.072          75.8719
51   155.578        169.76         139.36         137.472         135.4
52   125.987        156.587        155.89         154.4           122.6
53   119.587        125.49         156.49         123.8           122.6
54   101.708         78.7083       125            138.8           140.6
55   101.926        105.326         94.4          125.4           127.4
56   100.326         99.6           63.2           78.8           110.8
57    84.4           85.4           79.4           96.4            79.2
58    84.6           87.2          105.2           79.4           110.8
59    82.2           86.8          103.8           95              94.2
60    81.6          102.2          102            124.4            96
61    97.6          119.4          119            121.8           128.2
62   101.8          131            103            108.4           113
63    89.4           98.4          121.8          103             104
64    74.2          116.6          102.8           85.4            91.6
65    64             73             85.4          103.4            91.6
66    47.6           55.4           85.6          103.6            73.8
67    43.4           55.2           73.8           84.8            71.2
68    43.2           73.6           55             85              71
69    43.2           43.2           55             71.8            71.4
70    61.8           43             41.2           29.8            83.4
71    43.2           43.2           41.4           30              83.4
72    43             29.8           29.8           22.8            71.6
73    29.8           29.8           29.8           41.8            60.6
74    30             30             22.4           52.4            41.6
75    30             10.6           41.4           52              41.2
76    19.4           22             41.4           41.4            41.4
77     0             41.4           41             41              41.4
78    11.2           41.2           41             41              30.2
79    11             41             41             41.2             0
80    11             41             41             30               0

:         28             29            30           31           32        :=
1     10.2            22.7023       52.7023      42.5023      32.3256
2     20.6            22.7023       52.7023      42.5023      32.3256
3     20.6            22.6791       52.4791      42.2791      29.8
4     23.0558         23.0558       42.6558      42.6791      29.8
5     25.7116         23.4558       43.0558      42.8791      30
6     15.0651         23.4326       23.4326      40.4         40.6
7     15.2651         26.0651       23.8326      40.8         40.8
8     15.2186         15.2186       13.0326      30           40.6
9     15.3721         15.3721       13.2326      30.2         40.8
10    15.5721         15.5721       13.386       11.2         41.2
11    15.5256          4.32558       2.16279     11.2         29.8
12    15.7256          4.32558       2.16279     13.5628      30
13    15.7023          4.30233       2.13953      2.13953     30
14     2.11628         2.13953       2.11628      2.11628     13.7163
15     2.11628         2.13953       2.11628      2.11628     15.3245
16     2.11628         0             2.09302      2.09302      3.48574
17     0               0             2.09302      3.44701      3.44701
18     0               0             3.47027      3.44701      3.44701
19     0.627557        0             1.36177      3.43154      3.40828
20     0.627557        1.99804       1.36177      3.43154      3.40828
21     0.627557        1.98257       1.34629      1.34629      3.40828
22     1.96709         1.96709       1.97581      1.34629      2.04651
23     1.97581         1.97581       1.97581      2            0
24     1.96033         1.96033       1.97581      0.653705     0.662421
25     1.29987         1.96905       0.653705     0.653705     0.662421
26     1.29987         1.31535       0.662421     0.662421     0.670499
27     1.98228         0.682404      1.34483      0.67061      0.670499
28     0.682404        0.673542      1.32897      2            1.99989
29     1.32155         1.3211        1.31171      1.31137      1.99137
30     0.630404        1.31247       1.32936      1.32913      1.32846
31     0.757303        0.767765      0.778157     2            1.32652
32     1.99124         2             1.37003      1.36164      1.36177
33     1.36946         1.36958       1.36152      1.36165      1.34455
34     1.25009         1.34787       1.34624      1.35327      1.3627
35     0.000408644     0             0            0            0
36     0               0             0            0            1.32654
37     0               0             0            1.34472      1.95516
38     0               0             0            1.97333      1.98147
39     0               0             2            2            1.99964
40     0               0.0273874     2.02703      2            1.99964
41     0.0277477       2.05405       2.02703      2.02667      2.02667
42     2.08108         2.05405       2.05369      2.05369      2.05369
43     2.08108         2.05441       2.05441      2.02667      0
44     2.08144         2.08144       2.05333      0            0
45     2.10811         2.08          1.4174       0            0
46    17.68            1.4174        0            0            0
47    77.3067         75.2          60.2         60.4         45.4
48   121.036          89.4         104.6        120          104.8
49   134.8           149.8         134.2        119.4        134.2
50   119             104.6         134.6        134          135.2
51   104              89.4         104.8        106.4        106.2
52   104.8            74.6          91          105.8        105.8
53   106.2           121.2          76.2         76           76.6
54   125.8           108.6          91.6         60.8        138
55   110.2            93.2          93.6        169.8        121.8
56   110             141.2         140          108.2        155.2
57   128.4           142.6         158          157.4        125.8
58   143.2           128           158.2        158.2        158.6
59   113             145.8         145.4        130.4        130.4
60   127.8           145.4         115.2         98.6        114.2
61   110.4           114.2          85           99.4         97.8
62    97              80.2          80.6         80.6         80.2
63    80.4            62.8          66.4         66.4         62.8
64    80.4            62.6          79.4         79.4         48.4
65    93              48.8          79.8         79.8         48.8
66    60              80.2          61.6         61.6         80.2
67    59.6            61.8          61.2         61.2         61.8
68    90.6            72.2          61.6         61.6         42.2
69    72.2            72.2          61.8         61.8         42.2
70    83              71.8          42           30.8         42
71    83.2            72            53.4         42.2         42
72    82.4            71.6          41.2         11           41.8
73    82.4            71.6          40.8         21.6         41.8
74    82.8            70.8          51.6         32.4         40.8
75    71.6            51.2          51           31.8         31.8
76    49.4            62            51.2         51.4         42.4
77    29.8            50.8          61           61.2         41.8
78    10.2            40            60.6         60.4         30.6
79    20.4            40.2          60.8         60.6         50.6
80    20.4            40.2          50.4         60.6         50.6

:         33            34            35            36            37         :=
1      0             10.2          10.2          30            19.8
2     10.4           10.2          10.2          30            19.8
3     10.4           10.2          10.2          29.8          19.6
4     29.8           10.4          10.4          29.8          30
5     30             10.6          10.6          30            30
6     29.8           10.8          10.6          29.8          29.8
7     30             10.8          10.8          30            31.4856
8     29.8           29.8          10.8          29.8          31.2701
9     41             29.8          22.2          31.4546       31.2546
10    41.2           30            23.8546       31.6546       31.4546
11    41             41.2          23.8391       12.6391       31.2391
12    41.4           42.8391       31.4391       24.4391       31.4391
13    42.6237        42.6237       31.2237       24.4391       31.2391
14    31.2082        42.8082       43.0082       24.6391       29.8
15    31.4082        43.2082       43.2082       41.8          30
16    31.3927        42.9927       43.0082       53.8          42
17    15.447         43.1927       41.8          54            42
18     3.44701       31.3927       42.2          42.2          42.2
19     3.42376       32.0465       42            42            72.2
20     2.04651       32.2465       42.4          42.4          54.8
21     2.02326        2.02326      31.8233       42.2          54.6
22     2              2            31.8          42.4          55.0076
23     2              2            32.0079       44.8077       42.8076
24     2              1.98471      19.1846       44.5845       42.6076
25     0.00796755     1.96146       1.96135      31.7612       43.5155
26     0.679105       1.96146       2.65198      19.452        45.844
27     1.35236        3.31457       2.61146      19.4125       45.6211
28     1.34384        1.36157       3.28372      19.3892       33.6335
29     2              2.01794       3.30121       3.86058      19.5607
30     2              2.00885       1.97937       5.14007      20.7493
31     1.99738        2.58479       3.83889       6.30425      22.6798
32     2              3.98759       3.95148       4.37978       6.22997
33     1.34447        2.64365       4.55513       4.54675       5.75449
34     2              2.60243       3.29994       2.72129       3.92947
35     1.92           2.02378       2.01529       2.74651       1.4575
36     1.92           1.94595       1.94559       0.63732       0.740049
37     1.94595        1.94595       1.94559       0.0252252     0.0256978
38     1.97261        1.97261       0.645708      0.0255856     0.0255856
39     1.99928        0.654563      0.0259459     0             0
40     1.99964        0.0263063     0             0             0
41     0.0266667      0             0             0             0
42     0              0             0             0             0
43     0              0             0             0             0
44     0              0             0             0            16.4
45     0              0             0            16.2          49.8
46    15.6           31.4          31.4          48.8          65.4
47    46.4           46.8          78            78.4         108.6
48   105            121.4         106.2         122           184.6
49   136            136.8         136.2         166.6         197.4
50   135            134.4         119.2         182.4         192.8
51   105            121           168.8         165.8         165
52    90.8          153.8         152.6         166.6         196.6
53   167.6          137           152.6         152.2         136.6
54   138.2          155.4         168.8         137.8          89.2
55   123            140.2         154.2          93.6          74
56   138.8          154.4          77.4          60.8          56
57   157.6           93.6          77.8          60.8          69.8
58   111.6           94.4          76.6          73.8          55.6
59   111.8           62.8          77            56.2          55.4
60   112.2           80.4          63            71.2          54.6
61    79             94.8          76            57.2          71.4
62    80.4           79.2          76.8          57            69.4
63    80.4           57.2          73            59.2          69.8
64    80.4           61.8          55.6          55.8          71.6
65    63             61.8          73.6          55.4          55.6
66    30             43.8          73.6          55.4          55.4
67    29.8           41.4          55            73.8          55.2
68    60.8           41.2          55            55            73.6
69    42.2           41.4          41.6          55            43.4
70    53.2           53.4          29.8          41.2          43.2
71    53.2           53.2          30            41.4          30
72    52.6           52.8          22.8          29.8          29.8
73    52.4           41.6          41.8          41.6          29.8
74    52.6           41.6          52.4          22.4          30
75    40.6           41.4          52            41.4          22
76    30             41.6          41.4          41.4          22
77    10.4           30            41.2          41            41.4
78    20.4           30.2          41.2          41            41.2
79    30.6            0            30            41.2          41
80    30.6            0            30            41.2          41

:        38          39         40         41           42             43    :=
1     19.8         10.2       10.2       11.732      1.53199        1.53199
2     19.8         10.2       11.732     11.732      1.53199        1.53199
3     19.6         10.2       11.7165    11.7165     1.51652        1.53199
4     19.4         11.901     11.901     11.901      1.51652        0
5     20.901       12.101     12.101     12.101      1.51652        0
6     20.6856      12.0856    12.0856    12.101      0              0
7     20.6856      12.2856    12.2856    10.8        0              0
8     20.4701      12.2701    12.2856    10.8        0              0
9     20.2546      31.2701    11         11          0              0
10    31.6546      31.4701    11.2       11.2        0              0
11    31.4546      29.8       11.2       11.2        0              0
12    30           30         11.4       11.4        0              0
13    29.8         29.8       11.4       11.4        0              0
14    29.8         29.8       11.6       11.6        0              0
15    30           30         11.8       11.8        0              0
16    29.8         42         11.8       11.8        0              0.00708226
17    29.8         42         12         12          0.00719292     0.00708226
18    30           42.2       30         12.2073     0.00719292     1.13374
19    42.2         42         29.8074    12.2073     1.13385        1.13385
20    42.4         42.4075    30.0074    12.4073     1.13396        1.13396
21    42.2075      42.2075    42.6074    13.5704     1.13407        1.12665
22    55.2075      42.4075    42.6075    13.7705     1.14483        2.43944
23    72.8075      55.8075    43.9887    14.6967     1.89668        2.44034
24    72.4076      70.7234    44.4976    14.6794     2.44904        2.44068
25    73.3155      70.9071    44.6893    15.4586    15.6672        18.0862
26    75.117       71.5075    59.0766    15.6768    14.486         17.361
27    74.917       75.2851    72.4766    45.1792    13.7798        17.1798
28    77.2422      74.8137    72.0052    43.9879    13.9878        16.4188
29    47.3471      76.0484    73.239     72.3945    14.208         16.9991
30    47.7401      77.5318    88.0033    72.1945    14.2314        16.8034
31    21.7811      77.5145    89.4036    72.6396    31.2376        17.4356
32    21.5222      77.6758    89.0533    71.8412    44.6482        16.6553
33    20.2921      76.8004    90.6651    73.0261    73.6335        17.041
34    19.6985      63.3052    90.9812    89.1367    73.3294        45.2979
35    18.4928      34.4824    91.2735    90.551     73.1052        60.6979
36     2.70337     33.8801    77.0553    90.7421   104.106         75.2979
37     0.740415    33.5291    76.5059   106.323    104.923         74.3328
38     0.723434    17.9379    62.0914   106.5      121.1          122.4
39     0           16.1321    62.4996   107.5      154.3          156.341
40     0            0         62.0996   123.676    202.076        172.086
41     0            0         61.5674   141.662    204.462        204.662
42     0            0        111        189.071    234.471        220.071
43     0           66.2      126        202.721    233.447        221.447
44    33.8         81.4      157.6      217.6      263.298        185.233
45    81.8         97.4      173        246.6      208.098        205.674
46    97.4        142        228.2      251.2      229            200.474
47   156.6        183.6      210.2      232.8      229.8          185.674
48   196.8        177        231.4      213        211.4          153
49   221.4        205        232        184        171.2          114.2
50   192          203.6      171        141.8      158.6           56.6
51   149          143.6      129        114        103.4           73.4
52   136.4        113         87        100.6       59.8           90
53   115.6         84.8       86.4      100.8       59.8           89.8
54    70.4         69.6       69.6       87.2       46.6           72.8
55    70.4         69.6       69.4       60         60.2           63.8
56    68.8         69.2       69.4       59.8       59.6           76.6
57    54.6         68.4       55.8       60.4       59.8           76.6
58    68.6         54.8       29.2       47         43             60.2
59    68           68.2       29         33.8       46.6           59.6
60    67           55.2       42.6       34         46.6           46.8
61    84           55         42.8       48         46.8           47
62    83.6         59.4       42.2       31         60.6           47
63    57.8         59.4       59.6       47.6       60.2           60.6
64    57.8         45.6       47.2       65.2       47.6           59.8
65    47.4         45.8       34         65.4       65.4           59.6
66    30           47.8       17.6       52.8       65.8           77.6
67    43.4         30         36.2       35.8       53             77.6
68    43.2         43.4       18.6       36.2       36.2           65
69    43.2         43.4       31.8       37.4       36.6           48
70    61.8         31.8       31.8       37.4       37.4           48
71    43.2         31.8       31.8       50.6       37.6           49
72    43           32.2       31.6       50.4       50.4           49
73    29.8         32.2       32         50.8       50.8           38
74    30           19.2       32         31.8       51             51
75    30           19.2       32         51.2       31.6           50.8
76    19.4         19.4       19.4       51.4       51.4           51.2
77    11.2         19.4       19.4       38.8       51.4           31.6
78    11.2          0         19.6       39.2       39.2           51.6
79    31           11         19.8       39.6       39.6           51.8
80    31           11          0         39.6       39.6           39.6

:        44           45         46        47         48          49       :=
1      1.54747       0          0        19.8      19.8        19.8
2      1.54747       0          0        19.8      19.8        19.8
3      0             0          0        19.6      19.6        19.6
4      0             0          0        19.4      19.4        19.4
5      0             0          0        19.4      19.4        19.4
6      0             0          0        19.2      19.2        19.2
7      0             0         19.2      19.2      19.2        19.2
8      0             0         19        19        19          20.2176
9      0             0         18.8      18.8      18.8         1.01762
10     0             0         18.8      18.8      19.8358      1.01762
11     0             0         18.6      19.6358   19.6358      1.02415
12     0             0         18.6      19.6358   19.6424      1.04232
13     0            18.4       19.4721   19.4425   19.6424      1.04232
14     0            19.2721    19.279    19.2607   19.6606     19.7618
15     0.0069716    19.279     19.279    19.2789    1.07889    18.7079
16     1.11545      19.079     19.079    19.079     0.525046   18.5012
17     1.11545      18.8972    18.8972   19.4154    0.518185   18.3097
18     1.11556      18.9156    19.4352   18.3182   18.3182     18.3182
19    18.7157       18.7085    19.2352   18.3182   18.1182     18.9123
20    18.7267       19.2618    18.1267   19.1035   18.9035     30.9771
21    19.0703       18.6947    18.6863   18.6866   18.6952     30.7771
22    19.6394       18.4864    18.4951   18.4951   17.9685     30.5771
23    18.4863       18.4949    18.5036   17.9599   30.9685     30.0003
24    18.2863       18.2949    17.7599   17.0003   30.0003     46.8
25    18.0948       17.3525    33.8003   30        29.8        46.8416
26    17.361        16.8198    33.8195   30.0415   30.0413     64.6412
27    16.619        16.6193    30.2418   29.8415   46.9854     47.9762
28    16.9903       33.4038    30.604    30.3946   64.3854     61.3765
29    17.013        47.2038    30.604    46.9754   64.3664     65.935
30    16.7939       46.7845    30.3845   63.7754   79.5531     65.7531
31    17.4427       47.4502    30.6773   63.8546   65.662      65.6695
32    46.8628       46.6702    63.2546   95.4546   65.062      65.4695
33    46.4397       30.4471    95.0546   95.4546   65.062      84.4695
34    46.3672       62.9672    94.2      64.2      83          65
35    46.0906       94.4833    94.4848   83.0848   97.5369     33
36    94.6906       94.4833    98.6848   97.6759   65.4775     33.679
37   124.291       111.883     96.8848   97.4759   51.6686     51.8613
38   141.6          96.6005    96.75     67.079    51.6702     46.0613
39   140.8         144.001    114.001    50.6005   46.1323     31.3229
40   172.801       143.801     65.8005   45.6005   45.6005     30.8005
41   158.35        111.201     61.2005   45.8005   43.0005     48.6005
42   143.671        76.9583    79.4      55.6005   67.2005     78.6005
43   141.447       109.958     96.767    80        79.4005     65.4005
44   131.833       114.233     96.967    95.8      66.2        78
45   172.241       126.841    109.567    95.3757   61          36
46   156.618       109.618     96.0182   78.3757   12.7757     11.8
47   128.451       115.027     76.6269   46.3757   46.5757     30.7844
48   115.828        88.6279    64.0036   46.3757   46.5757     30.5844
49    77.2279       61.2047    63.6047   64.3891   46.5844     46.7844
50    60.4279       60.4047    46.4047   46.9978   28.9932     28.7932
51    60            65.2047    35.3814   51.5814   18.5746     16.9932
52    59.8          77.8047    47.9814   64.3814   48.1814     35.2019
53    73            76         61.3814   64.1581   64.5581     47.7581
54    55.6          58.8       61.5814   48.1349   64.7349     47.9349
55    60.4          30         30        30.5349   47.1349     30.1349
56    73.2          47.2       64.6      48.9349   18.3116     35.5116
57    73            60         64.6      48.9349   36.2884     53.6884
58    60            59.8       60        60        36.4884     53.8884
59    42.4          42.2       60        60        48.8884     36.6651
60    59.6          42.4       42.2      42        60          49.0651
61    47.2          47.6       60        24.6      42          30.8651
62    47            47.2       47.4      59.8      59.6        29.4
63    47.4          47.4       47.6      47.6      47.8        47.6
64    25            47.4       47.6      47.4      47.6        47.8
65    41.8          42.6       30.2      47.8      29.8        47.8
66    41.6          60         30.8      30        30          48.2
67    59.4          59.6       48.2      59.8      11.6        29.8
68    59.4          77.8       48.4      60        60.2        11.4
69    47            78.2       67        60        60          41.6
70    29.4          29.4       67.2      67.2      59.6        41.2
71    29.6          29.6       48.4      67.6      78.6        41
72    30.2          29.6       48.4      37.4      78.8        59.8
73    30            30         48.4      37.6      37.6        59.8
74    30            30         30        38        38          49
75    42.2          29.8       49.2      19.2      38.2        49.2
76    42.4          42.4       30        39        19.4        49.4
77    42            42         29.8      39        39.2        19.4
78    22.4          42         42        39.2      39.4        39.4
79    62.4          22.2       42        51.6      39.6        39.6
80    62.4          22.2       22.2      51.6      39.6        39.6

:       50          51          52          53          54           55      :=
1    20           0           0          20.7268     20.7268     20.7268
2    20           0           0          20.7268     20.7268     20.7268
3     0           0           0.963107   20.5268     20.5268     20.5268
4     0           0          20.3631     20.3449     20.3449     20.5449
5     0           0.981279   20.3631     20.3631     20.3631     19.6
6     0.981279    0.981279   20.1631     20.1631     20.1631      0.00597566
7     0.981279   20.1813     20.1813     20.1813     19.2061     11.4732
8     0.981279   19.9813     19.9876     19.0062     19.6818     30.4732
9     0.999451   19.8058     19.8058     19.2819     11.6818     30.2733
10    1.02404    19.8239     18.8063     19.2819     11.6819     30.4819
11   19.624      19.6239     19.0905     30.682      30.2757     30.2757
12   19.6422     19.0991     19.0906     30.6842     30.4842     30.4842
13   18.9077     18.8992     18.8842     11.8842     30.2842     29.8
14   18.7078     18.6927     30.6927     30.2927     29.8        49
15   18.7012     18.7012     30.7012     30          30          49
16   18.5012     30.7012     29.8        29.8        48.6        37.8373
17   18.3097     30.5097     29.8        30.62       49.42       37.8203
18   30.7182     30.8027     30.8027     49.403      37.2116     19.4203
19   30.7941     48.3944     30.603      49.203      37.2116     31.8203
20   30.7858     30.7944     49.203      36.803      37.0116     50.4197
21   48.1858     30.5944     48.803      35.8003     50.2201     50.2195
22   48.1858     48.0003     35.4003     48.6202     50.2198     31.8195
23   30.0003     48.0205     35.2205     49.8202     50.0198     31.8198
24   47.6209     47.6205     67.0414     49.641      31.641      31.8412
25   47.6413     47.8409     67.0411     49.8411     31.8414     32.021
26   47.6411     66.2413     50.1583     32.3284     32.5195      0.510672
27   66.9673     66.7585     50.1374     32.3284     19.2987     33.4896
28   66.3677     66.7168     32.3168     32.5078     33.4987     33.4896
29   65.9259     49.9168     32.5168     33.5168     32.8        32.8
30   65.4        31.8        51.4        33          32.8        32.8
31   49.6769     65.6843     33.4918     33.4918     33.6992     33.7066
32   51.2769     33.4843     33.2918     33.4918     33.6992     12.5066
33   65.6769     33.4843     33.4918     33.6918     12.6992     31.9066
34   32.8        33          33          45.4        31          30.8
35   32.8        33          45.4        31          30.8        31
36   51.74       45.5415     31.143      30.8        31          53
37   45.8628     31.4644     31.143      42.543      53.5446     21.9461
38   31.454      31.4466     43.0482     54.2482     33.3446     32.7461
39   31.314      54.6482     47.4482     34.4393     33.832      33.6335
40   36.714      47.7052     34.7052     53.2963     64.0874     52.4278
41   66.6005     64.4005     64.9052     64.4963     52.8874     41.4786
42   64.8005     64.6005     64.8005     41.2005     29.8        30.2786
43   65.2005     65.2005     41.6005     29.8005     41.0005     22.0005
44   65.4005     41.4005     23.0005     11.2005     11.0005     10.8005
45   23.6        11.4        11.4005     11.2005     11.0005     10.8005
46   11.6        11.4        11.4        11.2        11.2006     11.2006
47   30.2        18.4        18.6        18.6        18.8        19
48   29.8        29.8        30          29.8        29.8        29.8
49   30.5932     29.8        30          29.8        29.8        29.8
50   12.3932     12.2019     11.4        11.2        11          10.8
51    0.793162    0.801878    0.810594    0           0           0
52   35.6019     19.2019      0.810594    0           0           0
53   47.4106     31.0106     19.4106     19.4193     18.8        19
54   47.2106     47.4106     30.8106     30.8193     31.0193     19
55   47          47.6193     30.8193     30.6193     30.6193     30.628
56   29.9116     28.2        12.2193     12.0193     11.8193     31.028
57   18.4884     17          17.2        12.028      11.828      11.628
58   36.8884     37.0884     17.2         0.836742    0.836742    0.836742
59   54.4651     37.0651     35.8        36.2        19.6367      0.836742
60   66.6419     37.2419     37.4419     36.2        18.8        19.8455
61   49.2419     49.2419     49.2419     36.2        18.8        19
62   30.6186     30.4186     30.4186     48          36.8        19
63   30.8186     48.6186     30.6186     30.4186     29          30.6
64   37.4186     49.1953     30.5953     30.3953     28.8        29
65   36.2        37.7953     49.3721     30.5721     30.3721     29
66   36.4        37.9953     38.3721     38.1721     49.3721     29
67   36.8        36.8        38.3721     38.1488     38.3488     38.5488
68   29.8        37          38.3721     38.3256     38.5256     38.7256
69   30          18.6        18.6        39.1256     38.9256     38.9256
70   60          18.6        18.6        20.1256     19.9023     39.3023
71   41.2        60.2        37.4        18.8         1.30233    20.1023
72   40.8        59.8        49          37.4         1.30233    20.0791
73   59.8        59.6        49          49          39.3023     20.2558
74   41.4        79.2        49.2        49.2        49.4        20.2558
75   29.6        41.2        79.4        49.2        49.2        31.4558
76   29.8        29.8        60.8        69          49.4        49.6
77   29.8        29.8        49.2        50          69.2        49.6
78   10.2        29.6        29.6        39          50.2        50.2
79   50.2        10.2        29.8        49.6        39.4        50.4
80   50.2        10.2        10.2        49.8        39.6        39.6

:         56             57             58             59             60     :=
1    20.9268         0             30             30.4332        30.4332
2    20.9268        10.4           30             30.4389        30.4389
3     0             30             30.256         30.2389        30.4389
4    10.6           30.2561        30.256         30.2474        20.2474
5    11.0646        30.4561        30.456         30.456          0.45598
6    30.2646        30.2561        30.2561        19.8561         0
7    30.4646        30.4646        30.4646        39.4           20
8    30.2647        30.2647        50.2587        19.8           19.8
9    30.2733        30.2672        39             19.8           19.8
10   30.4757        49.6           19.6           19.6           19.8
11   29.8           38.2           19.4           19.4           19.8
12   49.4           38.2           19.4           19.4            0
13   37.6           19.2           19.2           31.2           11.8
14   37.6           19.2           31             11.8           11.8
15   37.4           19.8459        31.8462        32.6462        32.6548
16   19.6373        32.0375        32.4375        32.4462        32.4548
17   31.8289        51.8375        32.6375        32.6645        32.6732
18   51.4289        32.6375        32.6563        32.0187        19.8184
19   51.2289        31.6194        31.619         19.8184         0.0183784
20   31.8194        31.8191        31.8187         0.0187387      0.0187387
21   31.6191        31.8191        19.4191         0.0190991      0
22   31.8191        32.0191         0.0190991     12.8           12.8
23   32.0413         0.0214802     13.0215        32.8217        32.8219
24   19.2213        13.2215        32.8215        32.6217        32.6219
25   13.7018        33.502         33.293         33.2841        33.2844
26   33.3018        33.302         33.2715        33.4624        20.2624
27   33.0806        33.0806        33.2715        20.2624         0.462433
28   33.2896        33.2896        33             11.2           11.2
29   33             33             11.4           11.2           11.2
30   33             11.4           11.4           11.2           11.2
31   12.3141        12.1215        31.9215        31.929         31.9364
32   31.7141        31.5215        31.5215        31.729         20.5364
33   31.7141        31.7215        42.3215        40.929         41.1364
34   31             41.8           40.4           40.2           20.6
35   42             40.6           21             30.8           30.8
36   40.6           31.8           31.4           31.2           20.6
37   32.1476        32             31.8           20.8           10.2
38   32.3476        32.3492        21.1492        20.7507        20.7523
39   63.4351        40.7492        40.5492        29.9507        30.1523
40   41.2189        41.4189        30.4189        29.9507        30.1523
41   30.2697        30.4697        30.2608        30.6146        30.8146
42   30.4697        30.6697         0.460844      10.652         10.652
43   10.6           11.0697        10.8608        10.652         10.652
44   10.6006        10.6006        10.4           10.652         10.652
45   10.6006        10.6006        10.4006        10.4006        10.4
46    0.000553268    0.000559031    0.000559031    0.000564795    0.000570558
47   19.2006        19.4006        19.4006        19.6006        19.8006
48   29.8           30             29.8006        29.8006        30.0006
49   29.8           30             29.8           29.8006        30.0006
50   10.6           10.6           10.4           10.2           10.2
51    0              0              0              0              0
52    0              0              0              0              0
53   19.2            0              0              0              0
54   19.2           19.4           19.4           19.6           19.8
55   30             30.2           19.4           19.6           19.8
56   30             30             29.8           29.8           30
57   11.4367        10.6           10.4           30.2           30.2
58   11.4367        11.4455        10.4           10.2           10.2
59    0.836742       0.845458       0.845458       0              0
60   20.0455         0.845458       0.845458       0              0
61   20.0455        20.2455        20.2455         0.862891       0
62   20.0542        20.2542        20.2542        20.4629        20.6629
63   19.4           20.2629        20.2629        20.4629        20.6629
64   10.8           30.4           20.4629        20.4629        20.6629
65   10.6           10.6           10.6           20.8716        20.8716
66   10.6           10.6           10.4           10.4           10.4
67   48.4           10.6           10.4           10.2           10.2
68   37.8           30             10.4           10.2           10.2
69   39.1256        38.2           19.4           29.8           10.2
70   39.3023        38.2           19.4           19.6           19.8
71   39.5023        38.2           19.4           19.6           19.8
72   20.0791        20.0791        39             19.8           19.8
73   20.2558        20.2558        19.2           20             20
74   20.4558        20.4558        20.4558        19.4            0
75   39.6326        39.8326        20.4326        19.4            0
76   31.4326        40.0326        40.0326        20.6326         0
77   31.2326        50.8093        40.0093        40.2093        19.8
78   30             50.786         50.786         40.386         39.6
79   50.6           31.386         51.186         51.186         40.786
80   50.6           11.786         51.386         51.386         40.786
;

